This file contains any messages produced by compilers while
running configure, to aid debugging if configure makes a mistake.

It was created by i3 configure 4.12, which was
generated by GNU Autoconf 2.69.  Invocation command line was

  $ ../configure --prefix=/usr --sysconfdir=/etc

## --------- ##
## Platform. ##
## --------- ##

hostname = buerk
uname -m = x86_64
uname -r = 4.7.10-1-MANJARO
uname -s = Linux
uname -v = #1 SMP PREEMPT Sat Oct 22 19:15:11 UTC 2016

/usr/bin/uname -p = unknown
/bin/uname -X     = unknown

/bin/arch              = unknown
/usr/bin/arch -k       = unknown
/usr/convex/getsysinfo = unknown
/usr/bin/hostinfo      = unknown
/bin/machine           = unknown
/usr/bin/oslevel       = unknown
/bin/universe          = unknown

PATH: /home/ingo/.npm-global/bin
PATH: /home/ingo/android-sdk/platform-tools
PATH: /usr/local/sbin
PATH: /usr/local/bin
PATH: /usr/bin
PATH: /opt/android-sdk/platform-tools
PATH: /opt/android-sdk/tools
PATH: /usr/lib/jvm/default/bin
PATH: /usr/bin/site_perl
PATH: /usr/bin/vendor_perl
PATH: /usr/bin/core_perl


## ----------- ##
## Core tests. ##
## ----------- ##

configure:2406: checking build system type
configure:2420: result: x86_64-unknown-linux-gnu
configure:2440: checking host system type
configure:2453: result: x86_64-unknown-linux-gnu
configure:2473: checking target system type
configure:2486: result: x86_64-unknown-linux-gnu
configure:2574: checking for gsed
configure:2605: result: sed
configure:2632: checking for a BSD-compatible install
configure:2700: result: /usr/bin/install -c
configure:2711: checking whether build environment is sane
configure:2766: result: yes
configure:2914: checking for a thread-safe mkdir -p
configure:2953: result: /usr/bin/mkdir -p
configure:2960: checking for gawk
configure:2976: found /usr/bin/gawk
configure:2987: result: gawk
configure:2998: checking whether make sets $(MAKE)
configure:3020: result: yes
configure:3049: checking whether make supports nested variables
configure:3066: result: yes
configure:3204: checking whether make supports nested variables
configure:3221: result: yes
configure:3235: checking whether to enable maintainer-specific portions of Makefiles
configure:3244: result: yes
configure:3269: checking for gawk
configure:3296: result: gawk
configure:3307: checking for GNU make
configure:3323: result: make
configure:3417: checking for a sed that does not truncate output
configure:3481: result: /usr/bin/sed
configure:3499: checking whether to build with code coverage support
configure:3519: result: no
configure:3882: checking whether to enable debugging
configure:3913: result: yes
configure:3986: checking for style of include used by make
configure:4014: result: GNU
configure:4085: checking for gcc
configure:4101: found /usr/bin/gcc
configure:4112: result: gcc
configure:4341: checking for C compiler version
configure:4350: gcc --version >&5
gcc (GCC) 6.2.1 20160830
Copyright (C) 2016 Free Software Foundation, Inc.
This is free software; see the source for copying conditions.  There is NO
warranty; not even for MERCHANTABILITY or FITNESS FOR A PARTICULAR PURPOSE.

configure:4361: $? = 0
configure:4350: gcc -v >&5
Using built-in specs.
COLLECT_GCC=gcc
COLLECT_LTO_WRAPPER=/usr/lib/gcc/x86_64-pc-linux-gnu/6.2.1/lto-wrapper
Target: x86_64-pc-linux-gnu
Configured with: /build/gcc-multilib/src/gcc/configure --prefix=/usr --libdir=/usr/lib --libexecdir=/usr/lib --mandir=/usr/share/man --infodir=/usr/share/info --with-bugurl=https://bugs.archlinux.org/ --enable-languages=c,c++,ada,fortran,go,lto,objc,obj-c++ --enable-shared --enable-threads=posix --enable-libmpx --with-system-zlib --with-isl --enable-__cxa_atexit --disable-libunwind-exceptions --enable-clocale=gnu --disable-libstdcxx-pch --disable-libssp --enable-gnu-unique-object --enable-linker-build-id --enable-lto --enable-plugin --enable-install-libiberty --with-linker-hash-style=gnu --enable-gnu-indirect-function --enable-multilib --disable-werror --enable-checking=release
Thread model: posix
gcc version 6.2.1 20160830 (GCC) 
configure:4361: $? = 0
configure:4350: gcc -V >&5
gcc: error: unrecognized command line option '-V'
gcc: fatal error: no input files
compilation terminated.
configure:4361: $? = 1
configure:4350: gcc -qversion >&5
gcc: error: unrecognized command line option '-qversion'; did you mean '--version'?
gcc: fatal error: no input files
compilation terminated.
configure:4361: $? = 1
configure:4381: checking whether the C compiler works
configure:4403: gcc  -g -O0   conftest.c  >&5
configure:4407: $? = 0
configure:4455: result: yes
configure:4458: checking for C compiler default output file name
configure:4460: result: a.out
configure:4466: checking for suffix of executables
configure:4473: gcc -o conftest  -g -O0   conftest.c  >&5
configure:4477: $? = 0
configure:4499: result: 
configure:4521: checking whether we are cross compiling
configure:4529: gcc -o conftest  -g -O0   conftest.c  >&5
configure:4533: $? = 0
configure:4540: ./conftest
configure:4544: $? = 0
configure:4559: result: no
configure:4564: checking for suffix of object files
configure:4586: gcc -c  -g -O0  conftest.c >&5
configure:4590: $? = 0
configure:4611: result: o
configure:4615: checking whether we are using the GNU C compiler
configure:4634: gcc -c  -g -O0  conftest.c >&5
configure:4634: $? = 0
configure:4643: result: yes
configure:4652: checking whether gcc accepts -g
configure:4672: gcc -c -g  conftest.c >&5
configure:4672: $? = 0
configure:4713: result: yes
configure:4730: checking for gcc option to accept ISO C89
configure:4793: gcc  -c  -g -O0  conftest.c >&5
configure:4793: $? = 0
configure:4806: result: none needed
configure:4831: checking whether gcc understands -c and -o together
configure:4853: gcc -c conftest.c -o conftest2.o
configure:4856: $? = 0
configure:4853: gcc -c conftest.c -o conftest2.o
configure:4856: $? = 0
configure:4868: result: yes
configure:4887: checking dependency style of gcc
configure:4998: result: gcc3
configure:5013: checking for gcc option to accept ISO C99
configure:5162: gcc  -c  -g -O0  conftest.c >&5
configure:5162: $? = 0
configure:5175: result: none needed
configure:5204: checking how to run the C preprocessor
configure:5235: gcc -E  conftest.c
configure:5235: $? = 0
configure:5249: gcc -E  conftest.c
conftest.c:16:28: fatal error: ac_nonexistent.h: No such file or directory
 #include <ac_nonexistent.h>
                            ^
compilation terminated.
configure:5249: $? = 1
configure: failed program was:
| /* confdefs.h */
| #define PACKAGE_NAME "i3"
| #define PACKAGE_TARNAME "i3"
| #define PACKAGE_VERSION "4.12"
| #define PACKAGE_STRING "i3 4.12"
| #define PACKAGE_BUGREPORT "https://github.com/i3/i3/issues"
| #define PACKAGE_URL ""
| #define PACKAGE "i3"
| #define VERSION "4.12"
| #define I3_VERSION "4.12-215-g413023d (2016-10-29, branch \"gaps-next\")"
| #define MAJOR_VERSION 4
| #define MINOR_VERSION 12
| #define PATCH_VERSION 0
| #define SYSCONFDIR "/etc"
| /* end confdefs.h.  */
| #include <ac_nonexistent.h>
configure:5274: result: gcc -E
configure:5294: gcc -E  conftest.c
configure:5294: $? = 0
configure:5308: gcc -E  conftest.c
conftest.c:16:28: fatal error: ac_nonexistent.h: No such file or directory
 #include <ac_nonexistent.h>
                            ^
compilation terminated.
configure:5308: $? = 1
configure: failed program was:
| /* confdefs.h */
| #define PACKAGE_NAME "i3"
| #define PACKAGE_TARNAME "i3"
| #define PACKAGE_VERSION "4.12"
| #define PACKAGE_STRING "i3 4.12"
| #define PACKAGE_BUGREPORT "https://github.com/i3/i3/issues"
| #define PACKAGE_URL ""
| #define PACKAGE "i3"
| #define VERSION "4.12"
| #define I3_VERSION "4.12-215-g413023d (2016-10-29, branch \"gaps-next\")"
| #define MAJOR_VERSION 4
| #define MINOR_VERSION 12
| #define PATCH_VERSION 0
| #define SYSCONFDIR "/etc"
| /* end confdefs.h.  */
| #include <ac_nonexistent.h>
configure:5337: checking for grep that handles long lines and -e
configure:5395: result: /usr/bin/grep
configure:5400: checking for egrep
configure:5462: result: /usr/bin/grep -E
configure:5467: checking for ANSI C header files
configure:5487: gcc -c  -g -O0  conftest.c >&5
configure:5487: $? = 0
configure:5560: gcc -o conftest  -g -O0   conftest.c  >&5
configure:5560: $? = 0
configure:5560: ./conftest
configure:5560: $? = 0
configure:5571: result: yes
configure:5584: checking for sys/types.h
configure:5584: gcc -c  -g -O0  conftest.c >&5
configure:5584: $? = 0
configure:5584: result: yes
configure:5584: checking for sys/stat.h
configure:5584: gcc -c  -g -O0  conftest.c >&5
configure:5584: $? = 0
configure:5584: result: yes
configure:5584: checking for stdlib.h
configure:5584: gcc -c  -g -O0  conftest.c >&5
configure:5584: $? = 0
configure:5584: result: yes
configure:5584: checking for string.h
configure:5584: gcc -c  -g -O0  conftest.c >&5
configure:5584: $? = 0
configure:5584: result: yes
configure:5584: checking for memory.h
configure:5584: gcc -c  -g -O0  conftest.c >&5
configure:5584: $? = 0
configure:5584: result: yes
configure:5584: checking for strings.h
configure:5584: gcc -c  -g -O0  conftest.c >&5
configure:5584: $? = 0
configure:5584: result: yes
configure:5584: checking for inttypes.h
configure:5584: gcc -c  -g -O0  conftest.c >&5
configure:5584: $? = 0
configure:5584: result: yes
configure:5584: checking for stdint.h
configure:5584: gcc -c  -g -O0  conftest.c >&5
configure:5584: $? = 0
configure:5584: result: yes
configure:5584: checking for unistd.h
configure:5584: gcc -c  -g -O0  conftest.c >&5
configure:5584: $? = 0
configure:5584: result: yes
configure:5597: checking minix/config.h usability
configure:5597: gcc -c  -g -O0  conftest.c >&5
conftest.c:59:26: fatal error: minix/config.h: No such file or directory
 #include <minix/config.h>
                          ^
compilation terminated.
configure:5597: $? = 1
configure: failed program was:
| /* confdefs.h */
| #define PACKAGE_NAME "i3"
| #define PACKAGE_TARNAME "i3"
| #define PACKAGE_VERSION "4.12"
| #define PACKAGE_STRING "i3 4.12"
| #define PACKAGE_BUGREPORT "https://github.com/i3/i3/issues"
| #define PACKAGE_URL ""
| #define PACKAGE "i3"
| #define VERSION "4.12"
| #define I3_VERSION "4.12-215-g413023d (2016-10-29, branch \"gaps-next\")"
| #define MAJOR_VERSION 4
| #define MINOR_VERSION 12
| #define PATCH_VERSION 0
| #define SYSCONFDIR "/etc"
| #define STDC_HEADERS 1
| #define HAVE_SYS_TYPES_H 1
| #define HAVE_SYS_STAT_H 1
| #define HAVE_STDLIB_H 1
| #define HAVE_STRING_H 1
| #define HAVE_MEMORY_H 1
| #define HAVE_STRINGS_H 1
| #define HAVE_INTTYPES_H 1
| #define HAVE_STDINT_H 1
| #define HAVE_UNISTD_H 1
| /* end confdefs.h.  */
| #include <stdio.h>
| #ifdef HAVE_SYS_TYPES_H
| # include <sys/types.h>
| #endif
| #ifdef HAVE_SYS_STAT_H
| # include <sys/stat.h>
| #endif
| #ifdef STDC_HEADERS
| # include <stdlib.h>
| # include <stddef.h>
| #else
| # ifdef HAVE_STDLIB_H
| #  include <stdlib.h>
| # endif
| #endif
| #ifdef HAVE_STRING_H
| # if !defined STDC_HEADERS && defined HAVE_MEMORY_H
| #  include <memory.h>
| # endif
| # include <string.h>
| #endif
| #ifdef HAVE_STRINGS_H
| # include <strings.h>
| #endif
| #ifdef HAVE_INTTYPES_H
| # include <inttypes.h>
| #endif
| #ifdef HAVE_STDINT_H
| # include <stdint.h>
| #endif
| #ifdef HAVE_UNISTD_H
| # include <unistd.h>
| #endif
| #include <minix/config.h>
configure:5597: result: no
configure:5597: checking minix/config.h presence
configure:5597: gcc -E  conftest.c
conftest.c:26:26: fatal error: minix/config.h: No such file or directory
 #include <minix/config.h>
                          ^
compilation terminated.
configure:5597: $? = 1
configure: failed program was:
| /* confdefs.h */
| #define PACKAGE_NAME "i3"
| #define PACKAGE_TARNAME "i3"
| #define PACKAGE_VERSION "4.12"
| #define PACKAGE_STRING "i3 4.12"
| #define PACKAGE_BUGREPORT "https://github.com/i3/i3/issues"
| #define PACKAGE_URL ""
| #define PACKAGE "i3"
| #define VERSION "4.12"
| #define I3_VERSION "4.12-215-g413023d (2016-10-29, branch \"gaps-next\")"
| #define MAJOR_VERSION 4
| #define MINOR_VERSION 12
| #define PATCH_VERSION 0
| #define SYSCONFDIR "/etc"
| #define STDC_HEADERS 1
| #define HAVE_SYS_TYPES_H 1
| #define HAVE_SYS_STAT_H 1
| #define HAVE_STDLIB_H 1
| #define HAVE_STRING_H 1
| #define HAVE_MEMORY_H 1
| #define HAVE_STRINGS_H 1
| #define HAVE_INTTYPES_H 1
| #define HAVE_STDINT_H 1
| #define HAVE_UNISTD_H 1
| /* end confdefs.h.  */
| #include <minix/config.h>
configure:5597: result: no
configure:5597: checking for minix/config.h
configure:5597: result: no
configure:5618: checking whether it is safe to define __EXTENSIONS__
configure:5636: gcc -c  -g -O0  conftest.c >&5
configure:5636: $? = 0
configure:5643: result: yes
configure:5659: checking for stdbool.h that conforms to C99
configure:5726: gcc -c  -g -O0  conftest.c >&5
configure:5726: $? = 0
configure:5733: result: yes
configure:5735: checking for _Bool
configure:5735: gcc -c  -g -O0  conftest.c >&5
configure:5735: $? = 0
configure:5735: gcc -c  -g -O0  conftest.c >&5
conftest.c: In function 'main':
conftest.c:67:20: error: expected expression before ')' token
 if (sizeof ((_Bool)))
                    ^
configure:5735: $? = 1
configure: failed program was:
| /* confdefs.h */
| #define PACKAGE_NAME "i3"
| #define PACKAGE_TARNAME "i3"
| #define PACKAGE_VERSION "4.12"
| #define PACKAGE_STRING "i3 4.12"
| #define PACKAGE_BUGREPORT "https://github.com/i3/i3/issues"
| #define PACKAGE_URL ""
| #define PACKAGE "i3"
| #define VERSION "4.12"
| #define I3_VERSION "4.12-215-g413023d (2016-10-29, branch \"gaps-next\")"
| #define MAJOR_VERSION 4
| #define MINOR_VERSION 12
| #define PATCH_VERSION 0
| #define SYSCONFDIR "/etc"
| #define STDC_HEADERS 1
| #define HAVE_SYS_TYPES_H 1
| #define HAVE_SYS_STAT_H 1
| #define HAVE_STDLIB_H 1
| #define HAVE_STRING_H 1
| #define HAVE_MEMORY_H 1
| #define HAVE_STRINGS_H 1
| #define HAVE_INTTYPES_H 1
| #define HAVE_STDINT_H 1
| #define HAVE_UNISTD_H 1
| #define __EXTENSIONS__ 1
| #define _ALL_SOURCE 1
| #define _GNU_SOURCE 1
| #define _POSIX_PTHREAD_SEMANTICS 1
| #define _TANDEM_SOURCE 1
| /* end confdefs.h.  */
| #include <stdio.h>
| #ifdef HAVE_SYS_TYPES_H
| # include <sys/types.h>
| #endif
| #ifdef HAVE_SYS_STAT_H
| # include <sys/stat.h>
| #endif
| #ifdef STDC_HEADERS
| # include <stdlib.h>
| # include <stddef.h>
| #else
| # ifdef HAVE_STDLIB_H
| #  include <stdlib.h>
| # endif
| #endif
| #ifdef HAVE_STRING_H
| # if !defined STDC_HEADERS && defined HAVE_MEMORY_H
| #  include <memory.h>
| # endif
| # include <string.h>
| #endif
| #ifdef HAVE_STRINGS_H
| # include <strings.h>
| #endif
| #ifdef HAVE_INTTYPES_H
| # include <inttypes.h>
| #endif
| #ifdef HAVE_STDINT_H
| # include <stdint.h>
| #endif
| #ifdef HAVE_UNISTD_H
| # include <unistd.h>
| #endif
| int
| main ()
| {
| if (sizeof ((_Bool)))
| 	    return 0;
|   ;
|   return 0;
| }
configure:5735: result: yes
configure:5746: checking for mode_t
configure:5746: gcc -c  -g -O0  conftest.c >&5
configure:5746: $? = 0
configure:5746: gcc -c  -g -O0  conftest.c >&5
conftest.c: In function 'main':
conftest.c:68:21: error: expected expression before ')' token
 if (sizeof ((mode_t)))
                     ^
configure:5746: $? = 1
configure: failed program was:
| /* confdefs.h */
| #define PACKAGE_NAME "i3"
| #define PACKAGE_TARNAME "i3"
| #define PACKAGE_VERSION "4.12"
| #define PACKAGE_STRING "i3 4.12"
| #define PACKAGE_BUGREPORT "https://github.com/i3/i3/issues"
| #define PACKAGE_URL ""
| #define PACKAGE "i3"
| #define VERSION "4.12"
| #define I3_VERSION "4.12-215-g413023d (2016-10-29, branch \"gaps-next\")"
| #define MAJOR_VERSION 4
| #define MINOR_VERSION 12
| #define PATCH_VERSION 0
| #define SYSCONFDIR "/etc"
| #define STDC_HEADERS 1
| #define HAVE_SYS_TYPES_H 1
| #define HAVE_SYS_STAT_H 1
| #define HAVE_STDLIB_H 1
| #define HAVE_STRING_H 1
| #define HAVE_MEMORY_H 1
| #define HAVE_STRINGS_H 1
| #define HAVE_INTTYPES_H 1
| #define HAVE_STDINT_H 1
| #define HAVE_UNISTD_H 1
| #define __EXTENSIONS__ 1
| #define _ALL_SOURCE 1
| #define _GNU_SOURCE 1
| #define _POSIX_PTHREAD_SEMANTICS 1
| #define _TANDEM_SOURCE 1
| #define HAVE__BOOL 1
| /* end confdefs.h.  */
| #include <stdio.h>
| #ifdef HAVE_SYS_TYPES_H
| # include <sys/types.h>
| #endif
| #ifdef HAVE_SYS_STAT_H
| # include <sys/stat.h>
| #endif
| #ifdef STDC_HEADERS
| # include <stdlib.h>
| # include <stddef.h>
| #else
| # ifdef HAVE_STDLIB_H
| #  include <stdlib.h>
| # endif
| #endif
| #ifdef HAVE_STRING_H
| # if !defined STDC_HEADERS && defined HAVE_MEMORY_H
| #  include <memory.h>
| # endif
| # include <string.h>
| #endif
| #ifdef HAVE_STRINGS_H
| # include <strings.h>
| #endif
| #ifdef HAVE_INTTYPES_H
| # include <inttypes.h>
| #endif
| #ifdef HAVE_STDINT_H
| # include <stdint.h>
| #endif
| #ifdef HAVE_UNISTD_H
| # include <unistd.h>
| #endif
| int
| main ()
| {
| if (sizeof ((mode_t)))
| 	    return 0;
|   ;
|   return 0;
| }
configure:5746: result: yes
configure:5760: checking for off_t
configure:5760: gcc -c  -g -O0  conftest.c >&5
configure:5760: $? = 0
configure:5760: gcc -c  -g -O0  conftest.c >&5
conftest.c: In function 'main':
conftest.c:69:20: error: expected expression before ')' token
 if (sizeof ((off_t)))
                    ^
configure:5760: $? = 1
configure: failed program was:
| /* confdefs.h */
| #define PACKAGE_NAME "i3"
| #define PACKAGE_TARNAME "i3"
| #define PACKAGE_VERSION "4.12"
| #define PACKAGE_STRING "i3 4.12"
| #define PACKAGE_BUGREPORT "https://github.com/i3/i3/issues"
| #define PACKAGE_URL ""
| #define PACKAGE "i3"
| #define VERSION "4.12"
| #define I3_VERSION "4.12-215-g413023d (2016-10-29, branch \"gaps-next\")"
| #define MAJOR_VERSION 4
| #define MINOR_VERSION 12
| #define PATCH_VERSION 0
| #define SYSCONFDIR "/etc"
| #define STDC_HEADERS 1
| #define HAVE_SYS_TYPES_H 1
| #define HAVE_SYS_STAT_H 1
| #define HAVE_STDLIB_H 1
| #define HAVE_STRING_H 1
| #define HAVE_MEMORY_H 1
| #define HAVE_STRINGS_H 1
| #define HAVE_INTTYPES_H 1
| #define HAVE_STDINT_H 1
| #define HAVE_UNISTD_H 1
| #define __EXTENSIONS__ 1
| #define _ALL_SOURCE 1
| #define _GNU_SOURCE 1
| #define _POSIX_PTHREAD_SEMANTICS 1
| #define _TANDEM_SOURCE 1
| #define HAVE__BOOL 1
| #define HAVE_MODE_T 1
| /* end confdefs.h.  */
| #include <stdio.h>
| #ifdef HAVE_SYS_TYPES_H
| # include <sys/types.h>
| #endif
| #ifdef HAVE_SYS_STAT_H
| # include <sys/stat.h>
| #endif
| #ifdef STDC_HEADERS
| # include <stdlib.h>
| # include <stddef.h>
| #else
| # ifdef HAVE_STDLIB_H
| #  include <stdlib.h>
| # endif
| #endif
| #ifdef HAVE_STRING_H
| # if !defined STDC_HEADERS && defined HAVE_MEMORY_H
| #  include <memory.h>
| # endif
| # include <string.h>
| #endif
| #ifdef HAVE_STRINGS_H
| # include <strings.h>
| #endif
| #ifdef HAVE_INTTYPES_H
| # include <inttypes.h>
| #endif
| #ifdef HAVE_STDINT_H
| # include <stdint.h>
| #endif
| #ifdef HAVE_UNISTD_H
| # include <unistd.h>
| #endif
| int
| main ()
| {
| if (sizeof ((off_t)))
| 	    return 0;
|   ;
|   return 0;
| }
configure:5760: result: yes
configure:5774: checking for pid_t
configure:5774: gcc -c  -g -O0  conftest.c >&5
configure:5774: $? = 0
configure:5774: gcc -c  -g -O0  conftest.c >&5
conftest.c: In function 'main':
conftest.c:70:20: error: expected expression before ')' token
 if (sizeof ((pid_t)))
                    ^
configure:5774: $? = 1
configure: failed program was:
| /* confdefs.h */
| #define PACKAGE_NAME "i3"
| #define PACKAGE_TARNAME "i3"
| #define PACKAGE_VERSION "4.12"
| #define PACKAGE_STRING "i3 4.12"
| #define PACKAGE_BUGREPORT "https://github.com/i3/i3/issues"
| #define PACKAGE_URL ""
| #define PACKAGE "i3"
| #define VERSION "4.12"
| #define I3_VERSION "4.12-215-g413023d (2016-10-29, branch \"gaps-next\")"
| #define MAJOR_VERSION 4
| #define MINOR_VERSION 12
| #define PATCH_VERSION 0
| #define SYSCONFDIR "/etc"
| #define STDC_HEADERS 1
| #define HAVE_SYS_TYPES_H 1
| #define HAVE_SYS_STAT_H 1
| #define HAVE_STDLIB_H 1
| #define HAVE_STRING_H 1
| #define HAVE_MEMORY_H 1
| #define HAVE_STRINGS_H 1
| #define HAVE_INTTYPES_H 1
| #define HAVE_STDINT_H 1
| #define HAVE_UNISTD_H 1
| #define __EXTENSIONS__ 1
| #define _ALL_SOURCE 1
| #define _GNU_SOURCE 1
| #define _POSIX_PTHREAD_SEMANTICS 1
| #define _TANDEM_SOURCE 1
| #define HAVE__BOOL 1
| #define HAVE_MODE_T 1
| #define HAVE_OFF_T 1
| /* end confdefs.h.  */
| #include <stdio.h>
| #ifdef HAVE_SYS_TYPES_H
| # include <sys/types.h>
| #endif
| #ifdef HAVE_SYS_STAT_H
| # include <sys/stat.h>
| #endif
| #ifdef STDC_HEADERS
| # include <stdlib.h>
| # include <stddef.h>
| #else
| # ifdef HAVE_STDLIB_H
| #  include <stdlib.h>
| # endif
| #endif
| #ifdef HAVE_STRING_H
| # if !defined STDC_HEADERS && defined HAVE_MEMORY_H
| #  include <memory.h>
| # endif
| # include <string.h>
| #endif
| #ifdef HAVE_STRINGS_H
| # include <strings.h>
| #endif
| #ifdef HAVE_INTTYPES_H
| # include <inttypes.h>
| #endif
| #ifdef HAVE_STDINT_H
| # include <stdint.h>
| #endif
| #ifdef HAVE_UNISTD_H
| # include <unistd.h>
| #endif
| int
| main ()
| {
| if (sizeof ((pid_t)))
| 	    return 0;
|   ;
|   return 0;
| }
configure:5774: result: yes
configure:5788: checking for size_t
configure:5788: gcc -c  -g -O0  conftest.c >&5
configure:5788: $? = 0
configure:5788: gcc -c  -g -O0  conftest.c >&5
conftest.c: In function 'main':
conftest.c:71:21: error: expected expression before ')' token
 if (sizeof ((size_t)))
                     ^
configure:5788: $? = 1
configure: failed program was:
| /* confdefs.h */
| #define PACKAGE_NAME "i3"
| #define PACKAGE_TARNAME "i3"
| #define PACKAGE_VERSION "4.12"
| #define PACKAGE_STRING "i3 4.12"
| #define PACKAGE_BUGREPORT "https://github.com/i3/i3/issues"
| #define PACKAGE_URL ""
| #define PACKAGE "i3"
| #define VERSION "4.12"
| #define I3_VERSION "4.12-215-g413023d (2016-10-29, branch \"gaps-next\")"
| #define MAJOR_VERSION 4
| #define MINOR_VERSION 12
| #define PATCH_VERSION 0
| #define SYSCONFDIR "/etc"
| #define STDC_HEADERS 1
| #define HAVE_SYS_TYPES_H 1
| #define HAVE_SYS_STAT_H 1
| #define HAVE_STDLIB_H 1
| #define HAVE_STRING_H 1
| #define HAVE_MEMORY_H 1
| #define HAVE_STRINGS_H 1
| #define HAVE_INTTYPES_H 1
| #define HAVE_STDINT_H 1
| #define HAVE_UNISTD_H 1
| #define __EXTENSIONS__ 1
| #define _ALL_SOURCE 1
| #define _GNU_SOURCE 1
| #define _POSIX_PTHREAD_SEMANTICS 1
| #define _TANDEM_SOURCE 1
| #define HAVE__BOOL 1
| #define HAVE_MODE_T 1
| #define HAVE_OFF_T 1
| #define HAVE_PID_T 1
| /* end confdefs.h.  */
| #include <stdio.h>
| #ifdef HAVE_SYS_TYPES_H
| # include <sys/types.h>
| #endif
| #ifdef HAVE_SYS_STAT_H
| # include <sys/stat.h>
| #endif
| #ifdef STDC_HEADERS
| # include <stdlib.h>
| # include <stddef.h>
| #else
| # ifdef HAVE_STDLIB_H
| #  include <stdlib.h>
| # endif
| #endif
| #ifdef HAVE_STRING_H
| # if !defined STDC_HEADERS && defined HAVE_MEMORY_H
| #  include <memory.h>
| # endif
| # include <string.h>
| #endif
| #ifdef HAVE_STRINGS_H
| # include <strings.h>
| #endif
| #ifdef HAVE_INTTYPES_H
| # include <inttypes.h>
| #endif
| #ifdef HAVE_STDINT_H
| # include <stdint.h>
| #endif
| #ifdef HAVE_UNISTD_H
| # include <unistd.h>
| #endif
| int
| main ()
| {
| if (sizeof ((size_t)))
| 	    return 0;
|   ;
|   return 0;
| }
configure:5788: result: yes
configure:5802: checking for ssize_t
configure:5802: gcc -c  -g -O0  conftest.c >&5
configure:5802: $? = 0
configure:5802: gcc -c  -g -O0  conftest.c >&5
conftest.c: In function 'main':
conftest.c:72:22: error: expected expression before ')' token
 if (sizeof ((ssize_t)))
                      ^
configure:5802: $? = 1
configure: failed program was:
| /* confdefs.h */
| #define PACKAGE_NAME "i3"
| #define PACKAGE_TARNAME "i3"
| #define PACKAGE_VERSION "4.12"
| #define PACKAGE_STRING "i3 4.12"
| #define PACKAGE_BUGREPORT "https://github.com/i3/i3/issues"
| #define PACKAGE_URL ""
| #define PACKAGE "i3"
| #define VERSION "4.12"
| #define I3_VERSION "4.12-215-g413023d (2016-10-29, branch \"gaps-next\")"
| #define MAJOR_VERSION 4
| #define MINOR_VERSION 12
| #define PATCH_VERSION 0
| #define SYSCONFDIR "/etc"
| #define STDC_HEADERS 1
| #define HAVE_SYS_TYPES_H 1
| #define HAVE_SYS_STAT_H 1
| #define HAVE_STDLIB_H 1
| #define HAVE_STRING_H 1
| #define HAVE_MEMORY_H 1
| #define HAVE_STRINGS_H 1
| #define HAVE_INTTYPES_H 1
| #define HAVE_STDINT_H 1
| #define HAVE_UNISTD_H 1
| #define __EXTENSIONS__ 1
| #define _ALL_SOURCE 1
| #define _GNU_SOURCE 1
| #define _POSIX_PTHREAD_SEMANTICS 1
| #define _TANDEM_SOURCE 1
| #define HAVE__BOOL 1
| #define HAVE_MODE_T 1
| #define HAVE_OFF_T 1
| #define HAVE_PID_T 1
| #define HAVE_SIZE_T 1
| /* end confdefs.h.  */
| #include <stdio.h>
| #ifdef HAVE_SYS_TYPES_H
| # include <sys/types.h>
| #endif
| #ifdef HAVE_SYS_STAT_H
| # include <sys/stat.h>
| #endif
| #ifdef STDC_HEADERS
| # include <stdlib.h>
| # include <stddef.h>
| #else
| # ifdef HAVE_STDLIB_H
| #  include <stdlib.h>
| # endif
| #endif
| #ifdef HAVE_STRING_H
| # if !defined STDC_HEADERS && defined HAVE_MEMORY_H
| #  include <memory.h>
| # endif
| # include <string.h>
| #endif
| #ifdef HAVE_STRINGS_H
| # include <strings.h>
| #endif
| #ifdef HAVE_INTTYPES_H
| # include <inttypes.h>
| #endif
| #ifdef HAVE_STDINT_H
| # include <stdint.h>
| #endif
| #ifdef HAVE_UNISTD_H
| # include <unistd.h>
| #endif
| int
| main ()
| {
| if (sizeof ((ssize_t)))
| 	    return 0;
|   ;
|   return 0;
| }
configure:5802: result: yes
configure:5819: checking for pid_t
configure:5819: result: yes
configure:5832: checking vfork.h usability
configure:5832: gcc -c  -g -O0  conftest.c >&5
conftest.c:70:19: fatal error: vfork.h: No such file or directory
 #include <vfork.h>
                   ^
compilation terminated.
configure:5832: $? = 1
configure: failed program was:
| /* confdefs.h */
| #define PACKAGE_NAME "i3"
| #define PACKAGE_TARNAME "i3"
| #define PACKAGE_VERSION "4.12"
| #define PACKAGE_STRING "i3 4.12"
| #define PACKAGE_BUGREPORT "https://github.com/i3/i3/issues"
| #define PACKAGE_URL ""
| #define PACKAGE "i3"
| #define VERSION "4.12"
| #define I3_VERSION "4.12-215-g413023d (2016-10-29, branch \"gaps-next\")"
| #define MAJOR_VERSION 4
| #define MINOR_VERSION 12
| #define PATCH_VERSION 0
| #define SYSCONFDIR "/etc"
| #define STDC_HEADERS 1
| #define HAVE_SYS_TYPES_H 1
| #define HAVE_SYS_STAT_H 1
| #define HAVE_STDLIB_H 1
| #define HAVE_STRING_H 1
| #define HAVE_MEMORY_H 1
| #define HAVE_STRINGS_H 1
| #define HAVE_INTTYPES_H 1
| #define HAVE_STDINT_H 1
| #define HAVE_UNISTD_H 1
| #define __EXTENSIONS__ 1
| #define _ALL_SOURCE 1
| #define _GNU_SOURCE 1
| #define _POSIX_PTHREAD_SEMANTICS 1
| #define _TANDEM_SOURCE 1
| #define HAVE__BOOL 1
| #define HAVE_MODE_T 1
| #define HAVE_OFF_T 1
| #define HAVE_PID_T 1
| #define HAVE_SIZE_T 1
| #define HAVE_SSIZE_T 1
| /* end confdefs.h.  */
| #include <stdio.h>
| #ifdef HAVE_SYS_TYPES_H
| # include <sys/types.h>
| #endif
| #ifdef HAVE_SYS_STAT_H
| # include <sys/stat.h>
| #endif
| #ifdef STDC_HEADERS
| # include <stdlib.h>
| # include <stddef.h>
| #else
| # ifdef HAVE_STDLIB_H
| #  include <stdlib.h>
| # endif
| #endif
| #ifdef HAVE_STRING_H
| # if !defined STDC_HEADERS && defined HAVE_MEMORY_H
| #  include <memory.h>
| # endif
| # include <string.h>
| #endif
| #ifdef HAVE_STRINGS_H
| # include <strings.h>
| #endif
| #ifdef HAVE_INTTYPES_H
| # include <inttypes.h>
| #endif
| #ifdef HAVE_STDINT_H
| # include <stdint.h>
| #endif
| #ifdef HAVE_UNISTD_H
| # include <unistd.h>
| #endif
| #include <vfork.h>
configure:5832: result: no
configure:5832: checking vfork.h presence
configure:5832: gcc -E  conftest.c
conftest.c:37:19: fatal error: vfork.h: No such file or directory
 #include <vfork.h>
                   ^
compilation terminated.
configure:5832: $? = 1
configure: failed program was:
| /* confdefs.h */
| #define PACKAGE_NAME "i3"
| #define PACKAGE_TARNAME "i3"
| #define PACKAGE_VERSION "4.12"
| #define PACKAGE_STRING "i3 4.12"
| #define PACKAGE_BUGREPORT "https://github.com/i3/i3/issues"
| #define PACKAGE_URL ""
| #define PACKAGE "i3"
| #define VERSION "4.12"
| #define I3_VERSION "4.12-215-g413023d (2016-10-29, branch \"gaps-next\")"
| #define MAJOR_VERSION 4
| #define MINOR_VERSION 12
| #define PATCH_VERSION 0
| #define SYSCONFDIR "/etc"
| #define STDC_HEADERS 1
| #define HAVE_SYS_TYPES_H 1
| #define HAVE_SYS_STAT_H 1
| #define HAVE_STDLIB_H 1
| #define HAVE_STRING_H 1
| #define HAVE_MEMORY_H 1
| #define HAVE_STRINGS_H 1
| #define HAVE_INTTYPES_H 1
| #define HAVE_STDINT_H 1
| #define HAVE_UNISTD_H 1
| #define __EXTENSIONS__ 1
| #define _ALL_SOURCE 1
| #define _GNU_SOURCE 1
| #define _POSIX_PTHREAD_SEMANTICS 1
| #define _TANDEM_SOURCE 1
| #define HAVE__BOOL 1
| #define HAVE_MODE_T 1
| #define HAVE_OFF_T 1
| #define HAVE_PID_T 1
| #define HAVE_SIZE_T 1
| #define HAVE_SSIZE_T 1
| /* end confdefs.h.  */
| #include <vfork.h>
configure:5832: result: no
configure:5832: checking for vfork.h
configure:5832: result: no
configure:5845: checking for fork
configure:5845: gcc -o conftest  -g -O0   conftest.c  >&5
conftest.c:60:6: warning: conflicting types for built-in function 'fork'
 char fork ();
      ^~~~
configure:5845: $? = 0
configure:5845: result: yes
configure:5845: checking for vfork
configure:5845: gcc -o conftest  -g -O0   conftest.c  >&5
configure:5845: $? = 0
configure:5845: result: yes
configure:5855: checking for working fork
configure:5877: gcc -o conftest  -g -O0   conftest.c  >&5
configure:5877: $? = 0
configure:5877: ./conftest
configure:5877: $? = 0
configure:5887: result: yes
configure:5908: checking for working vfork
configure:6018: result: yes
configure:6043: checking whether lstat correctly handles trailing slash
configure:6069: gcc -o conftest  -g -O0   conftest.c  >&5
configure:6069: $? = 0
configure:6069: ./conftest
configure:6069: $? = 0
configure:6086: result: yes
configure:6105: checking for working strnlen
configure:6143: gcc -o conftest  -g -O0   conftest.c  >&5
configure:6143: $? = 0
configure:6143: ./conftest
configure:6143: $? = 0
configure:6153: result: yes
configure:6165: checking for atexit
configure:6165: gcc -o conftest  -g -O0   conftest.c  >&5
configure:6165: $? = 0
configure:6165: result: yes
configure:6165: checking for dup2
configure:6165: gcc -o conftest  -g -O0   conftest.c  >&5
configure:6165: $? = 0
configure:6165: result: yes
configure:6165: checking for ftruncate
configure:6165: gcc -o conftest  -g -O0   conftest.c  >&5
configure:6165: $? = 0
configure:6165: result: yes
configure:6165: checking for getcwd
configure:6165: gcc -o conftest  -g -O0   conftest.c  >&5
configure:6165: $? = 0
configure:6165: result: yes
configure:6165: checking for gettimeofday
configure:6165: gcc -o conftest  -g -O0   conftest.c  >&5
configure:6165: $? = 0
configure:6165: result: yes
configure:6165: checking for localtime_r
configure:6165: gcc -o conftest  -g -O0   conftest.c  >&5
configure:6165: $? = 0
configure:6165: result: yes
configure:6165: checking for memchr
configure:6165: gcc -o conftest  -g -O0   conftest.c  >&5
conftest.c:71:6: warning: conflicting types for built-in function 'memchr'
 char memchr ();
      ^~~~~~
configure:6165: $? = 0
configure:6165: result: yes
configure:6165: checking for memset
configure:6165: gcc -o conftest  -g -O0   conftest.c  >&5
conftest.c:72:6: warning: conflicting types for built-in function 'memset'
 char memset ();
      ^~~~~~
configure:6165: $? = 0
configure:6165: result: yes
configure:6165: checking for mkdir
configure:6165: gcc -o conftest  -g -O0   conftest.c  >&5
configure:6165: $? = 0
configure:6165: result: yes
configure:6165: checking for rmdir
configure:6165: gcc -o conftest  -g -O0   conftest.c  >&5
configure:6165: $? = 0
configure:6165: result: yes
configure:6165: checking for setlocale
configure:6165: gcc -o conftest  -g -O0   conftest.c  >&5
configure:6165: $? = 0
configure:6165: result: yes
configure:6165: checking for socket
configure:6165: gcc -o conftest  -g -O0   conftest.c  >&5
configure:6165: $? = 0
configure:6165: result: yes
configure:6165: checking for strcasecmp
configure:6165: gcc -o conftest  -g -O0   conftest.c  >&5
conftest.c:77:6: warning: conflicting types for built-in function 'strcasecmp'
 char strcasecmp ();
      ^~~~~~~~~~
configure:6165: $? = 0
configure:6165: result: yes
configure:6165: checking for strchr
configure:6165: gcc -o conftest  -g -O0   conftest.c  >&5
conftest.c:78:6: warning: conflicting types for built-in function 'strchr'
 char strchr ();
      ^~~~~~
configure:6165: $? = 0
configure:6165: result: yes
configure:6165: checking for strdup
configure:6165: gcc -o conftest  -g -O0   conftest.c  >&5
conftest.c:79:6: warning: conflicting types for built-in function 'strdup'
 char strdup ();
      ^~~~~~
configure:6165: $? = 0
configure:6165: result: yes
configure:6165: checking for strerror
configure:6165: gcc -o conftest  -g -O0   conftest.c  >&5
configure:6165: $? = 0
configure:6165: result: yes
configure:6165: checking for strncasecmp
configure:6165: gcc -o conftest  -g -O0   conftest.c  >&5
conftest.c:81:6: warning: conflicting types for built-in function 'strncasecmp'
 char strncasecmp ();
      ^~~~~~~~~~~
configure:6165: $? = 0
configure:6165: result: yes
configure:6165: checking for strndup
configure:6165: gcc -o conftest  -g -O0   conftest.c  >&5
conftest.c:82:6: warning: conflicting types for built-in function 'strndup'
 char strndup ();
      ^~~~~~~
configure:6165: $? = 0
configure:6165: result: yes
configure:6165: checking for strrchr
configure:6165: gcc -o conftest  -g -O0   conftest.c  >&5
conftest.c:83:6: warning: conflicting types for built-in function 'strrchr'
 char strrchr ();
      ^~~~~~~
configure:6165: $? = 0
configure:6165: result: yes
configure:6165: checking for strspn
configure:6165: gcc -o conftest  -g -O0   conftest.c  >&5
conftest.c:84:6: warning: conflicting types for built-in function 'strspn'
 char strspn ();
      ^~~~~~
configure:6165: $? = 0
configure:6165: result: yes
configure:6165: checking for strstr
configure:6165: gcc -o conftest  -g -O0   conftest.c  >&5
conftest.c:85:6: warning: conflicting types for built-in function 'strstr'
 char strstr ();
      ^~~~~~
configure:6165: $? = 0
configure:6165: result: yes
configure:6165: checking for strtol
configure:6165: gcc -o conftest  -g -O0   conftest.c  >&5
configure:6165: $? = 0
configure:6165: result: yes
configure:6165: checking for strtoul
configure:6165: gcc -o conftest  -g -O0   conftest.c  >&5
configure:6165: $? = 0
configure:6165: result: yes
configure:6182: checking for library containing floor
configure:6213: gcc -o conftest  -g -O0   conftest.c  >&5
conftest.c:72:6: warning: conflicting types for built-in function 'floor'
 char floor ();
      ^~~~~
/tmp/ccEMMWLY.o: In function `main':
/home/ingo/repos/i3/build/conftest.c:76: undefined reference to `floor'
collect2: error: ld returned 1 exit status
configure:6213: $? = 1
configure: failed program was:
| /* confdefs.h */
| #define PACKAGE_NAME "i3"
| #define PACKAGE_TARNAME "i3"
| #define PACKAGE_VERSION "4.12"
| #define PACKAGE_STRING "i3 4.12"
| #define PACKAGE_BUGREPORT "https://github.com/i3/i3/issues"
| #define PACKAGE_URL ""
| #define PACKAGE "i3"
| #define VERSION "4.12"
| #define I3_VERSION "4.12-215-g413023d (2016-10-29, branch \"gaps-next\")"
| #define MAJOR_VERSION 4
| #define MINOR_VERSION 12
| #define PATCH_VERSION 0
| #define SYSCONFDIR "/etc"
| #define STDC_HEADERS 1
| #define HAVE_SYS_TYPES_H 1
| #define HAVE_SYS_STAT_H 1
| #define HAVE_STDLIB_H 1
| #define HAVE_STRING_H 1
| #define HAVE_MEMORY_H 1
| #define HAVE_STRINGS_H 1
| #define HAVE_INTTYPES_H 1
| #define HAVE_STDINT_H 1
| #define HAVE_UNISTD_H 1
| #define __EXTENSIONS__ 1
| #define _ALL_SOURCE 1
| #define _GNU_SOURCE 1
| #define _POSIX_PTHREAD_SEMANTICS 1
| #define _TANDEM_SOURCE 1
| #define HAVE__BOOL 1
| #define HAVE_MODE_T 1
| #define HAVE_OFF_T 1
| #define HAVE_PID_T 1
| #define HAVE_SIZE_T 1
| #define HAVE_SSIZE_T 1
| #define HAVE_FORK 1
| #define HAVE_VFORK 1
| #define HAVE_WORKING_VFORK 1
| #define HAVE_WORKING_FORK 1
| #define LSTAT_FOLLOWS_SLASHED_SYMLINK 1
| #define HAVE_ATEXIT 1
| #define HAVE_DUP2 1
| #define HAVE_FTRUNCATE 1
| #define HAVE_GETCWD 1
| #define HAVE_GETTIMEOFDAY 1
| #define HAVE_LOCALTIME_R 1
| #define HAVE_MEMCHR 1
| #define HAVE_MEMSET 1
| #define HAVE_MKDIR 1
| #define HAVE_RMDIR 1
| #define HAVE_SETLOCALE 1
| #define HAVE_SOCKET 1
| #define HAVE_STRCASECMP 1
| #define HAVE_STRCHR 1
| #define HAVE_STRDUP 1
| #define HAVE_STRERROR 1
| #define HAVE_STRNCASECMP 1
| #define HAVE_STRNDUP 1
| #define HAVE_STRRCHR 1
| #define HAVE_STRSPN 1
| #define HAVE_STRSTR 1
| #define HAVE_STRTOL 1
| #define HAVE_STRTOUL 1
| /* end confdefs.h.  */
| 
| /* Override any GCC internal prototype to avoid an error.
|    Use char because int might match the return type of a GCC
|    builtin and then its argument prototype would still apply.  */
| #ifdef __cplusplus
| extern "C"
| #endif
| char floor ();
| int
| main ()
| {
| return floor ();
|   ;
|   return 0;
| }
configure:6213: gcc -o conftest  -g -O0   conftest.c -lm   >&5
conftest.c:72:6: warning: conflicting types for built-in function 'floor'
 char floor ();
      ^~~~~
configure:6213: $? = 0
configure:6230: result: -lm
configure:6245: checking for library containing ev_run
configure:6276: gcc -o conftest  -g -O0   conftest.c -lm  >&5
/tmp/cc7sh1M3.o: In function `main':
/home/ingo/repos/i3/build/conftest.c:76: undefined reference to `ev_run'
collect2: error: ld returned 1 exit status
configure:6276: $? = 1
configure: failed program was:
| /* confdefs.h */
| #define PACKAGE_NAME "i3"
| #define PACKAGE_TARNAME "i3"
| #define PACKAGE_VERSION "4.12"
| #define PACKAGE_STRING "i3 4.12"
| #define PACKAGE_BUGREPORT "https://github.com/i3/i3/issues"
| #define PACKAGE_URL ""
| #define PACKAGE "i3"
| #define VERSION "4.12"
| #define I3_VERSION "4.12-215-g413023d (2016-10-29, branch \"gaps-next\")"
| #define MAJOR_VERSION 4
| #define MINOR_VERSION 12
| #define PATCH_VERSION 0
| #define SYSCONFDIR "/etc"
| #define STDC_HEADERS 1
| #define HAVE_SYS_TYPES_H 1
| #define HAVE_SYS_STAT_H 1
| #define HAVE_STDLIB_H 1
| #define HAVE_STRING_H 1
| #define HAVE_MEMORY_H 1
| #define HAVE_STRINGS_H 1
| #define HAVE_INTTYPES_H 1
| #define HAVE_STDINT_H 1
| #define HAVE_UNISTD_H 1
| #define __EXTENSIONS__ 1
| #define _ALL_SOURCE 1
| #define _GNU_SOURCE 1
| #define _POSIX_PTHREAD_SEMANTICS 1
| #define _TANDEM_SOURCE 1
| #define HAVE__BOOL 1
| #define HAVE_MODE_T 1
| #define HAVE_OFF_T 1
| #define HAVE_PID_T 1
| #define HAVE_SIZE_T 1
| #define HAVE_SSIZE_T 1
| #define HAVE_FORK 1
| #define HAVE_VFORK 1
| #define HAVE_WORKING_VFORK 1
| #define HAVE_WORKING_FORK 1
| #define LSTAT_FOLLOWS_SLASHED_SYMLINK 1
| #define HAVE_ATEXIT 1
| #define HAVE_DUP2 1
| #define HAVE_FTRUNCATE 1
| #define HAVE_GETCWD 1
| #define HAVE_GETTIMEOFDAY 1
| #define HAVE_LOCALTIME_R 1
| #define HAVE_MEMCHR 1
| #define HAVE_MEMSET 1
| #define HAVE_MKDIR 1
| #define HAVE_RMDIR 1
| #define HAVE_SETLOCALE 1
| #define HAVE_SOCKET 1
| #define HAVE_STRCASECMP 1
| #define HAVE_STRCHR 1
| #define HAVE_STRDUP 1
| #define HAVE_STRERROR 1
| #define HAVE_STRNCASECMP 1
| #define HAVE_STRNDUP 1
| #define HAVE_STRRCHR 1
| #define HAVE_STRSPN 1
| #define HAVE_STRSTR 1
| #define HAVE_STRTOL 1
| #define HAVE_STRTOUL 1
| /* end confdefs.h.  */
| 
| /* Override any GCC internal prototype to avoid an error.
|    Use char because int might match the return type of a GCC
|    builtin and then its argument prototype would still apply.  */
| #ifdef __cplusplus
| extern "C"
| #endif
| char ev_run ();
| int
| main ()
| {
| return ev_run ();
|   ;
|   return 0;
| }
configure:6276: gcc -o conftest  -g -O0   conftest.c -lev  -lm  >&5
configure:6276: $? = 0
configure:6293: result: -lev
configure:6307: checking for library containing shm_open
configure:6338: gcc -o conftest  -g -O0   conftest.c -lev -lm  >&5
/tmp/ccFHvGW8.o: In function `main':
/home/ingo/repos/i3/build/conftest.c:76: undefined reference to `shm_open'
collect2: error: ld returned 1 exit status
configure:6338: $? = 1
configure: failed program was:
| /* confdefs.h */
| #define PACKAGE_NAME "i3"
| #define PACKAGE_TARNAME "i3"
| #define PACKAGE_VERSION "4.12"
| #define PACKAGE_STRING "i3 4.12"
| #define PACKAGE_BUGREPORT "https://github.com/i3/i3/issues"
| #define PACKAGE_URL ""
| #define PACKAGE "i3"
| #define VERSION "4.12"
| #define I3_VERSION "4.12-215-g413023d (2016-10-29, branch \"gaps-next\")"
| #define MAJOR_VERSION 4
| #define MINOR_VERSION 12
| #define PATCH_VERSION 0
| #define SYSCONFDIR "/etc"
| #define STDC_HEADERS 1
| #define HAVE_SYS_TYPES_H 1
| #define HAVE_SYS_STAT_H 1
| #define HAVE_STDLIB_H 1
| #define HAVE_STRING_H 1
| #define HAVE_MEMORY_H 1
| #define HAVE_STRINGS_H 1
| #define HAVE_INTTYPES_H 1
| #define HAVE_STDINT_H 1
| #define HAVE_UNISTD_H 1
| #define __EXTENSIONS__ 1
| #define _ALL_SOURCE 1
| #define _GNU_SOURCE 1
| #define _POSIX_PTHREAD_SEMANTICS 1
| #define _TANDEM_SOURCE 1
| #define HAVE__BOOL 1
| #define HAVE_MODE_T 1
| #define HAVE_OFF_T 1
| #define HAVE_PID_T 1
| #define HAVE_SIZE_T 1
| #define HAVE_SSIZE_T 1
| #define HAVE_FORK 1
| #define HAVE_VFORK 1
| #define HAVE_WORKING_VFORK 1
| #define HAVE_WORKING_FORK 1
| #define LSTAT_FOLLOWS_SLASHED_SYMLINK 1
| #define HAVE_ATEXIT 1
| #define HAVE_DUP2 1
| #define HAVE_FTRUNCATE 1
| #define HAVE_GETCWD 1
| #define HAVE_GETTIMEOFDAY 1
| #define HAVE_LOCALTIME_R 1
| #define HAVE_MEMCHR 1
| #define HAVE_MEMSET 1
| #define HAVE_MKDIR 1
| #define HAVE_RMDIR 1
| #define HAVE_SETLOCALE 1
| #define HAVE_SOCKET 1
| #define HAVE_STRCASECMP 1
| #define HAVE_STRCHR 1
| #define HAVE_STRDUP 1
| #define HAVE_STRERROR 1
| #define HAVE_STRNCASECMP 1
| #define HAVE_STRNDUP 1
| #define HAVE_STRRCHR 1
| #define HAVE_STRSPN 1
| #define HAVE_STRSTR 1
| #define HAVE_STRTOL 1
| #define HAVE_STRTOUL 1
| /* end confdefs.h.  */
| 
| /* Override any GCC internal prototype to avoid an error.
|    Use char because int might match the return type of a GCC
|    builtin and then its argument prototype would still apply.  */
| #ifdef __cplusplus
| extern "C"
| #endif
| char shm_open ();
| int
| main ()
| {
| return shm_open ();
|   ;
|   return 0;
| }
configure:6338: gcc -o conftest  -g -O0   conftest.c -lrt  -lev -lm  >&5
configure:6338: $? = 0
configure:6355: result: -lrt
configure:6547: checking whether gcc is Clang
configure:6572: result: no
configure:6695: checking whether pthreads work with -pthread
configure:6789: gcc -o conftest  -g -O0 -pthread   conftest.c  -lrt -lev -lm  >&5
configure:6789: $? = 0
configure:6798: result: yes
configure:6817: checking for joinable pthread attribute
configure:6835: gcc -o conftest  -g -O0 -pthread   conftest.c  -lrt -lev -lm  >&5
configure:6835: $? = 0
configure:6843: result: PTHREAD_CREATE_JOINABLE
configure:6857: checking whether more special flags are required for pthreads
configure:6870: result: no
configure:6878: checking for PTHREAD_PRIO_INHERIT
configure:6894: gcc -o conftest  -g -O0 -pthread   conftest.c  -lrt -lev -lm  >&5
configure:6894: $? = 0
configure:6903: result: yes
configure:7060: checking for pkg-config
configure:7078: found /usr/bin/pkg-config
configure:7090: result: /usr/bin/pkg-config
configure:7115: checking pkg-config is at least version 0.9.0
configure:7118: result: yes
configure:7128: checking for LIBSN
configure:7135: $PKG_CONFIG --exists --print-errors "libstartup-notification-1.0"
configure:7138: $? = 0
configure:7152: $PKG_CONFIG --exists --print-errors "libstartup-notification-1.0"
configure:7155: $? = 0
configure:7213: result: yes
configure:7219: checking for XCB
configure:7226: $PKG_CONFIG --exists --print-errors "xcb xcb-xkb xcb-xinerama xcb-randr"
configure:7229: $? = 0
configure:7243: $PKG_CONFIG --exists --print-errors "xcb xcb-xkb xcb-xinerama xcb-randr"
configure:7246: $? = 0
configure:7304: result: yes
configure:7310: checking for XCB_UTIL
configure:7317: $PKG_CONFIG --exists --print-errors "xcb-event xcb-util"
configure:7320: $? = 0
configure:7334: $PKG_CONFIG --exists --print-errors "xcb-event xcb-util"
configure:7337: $? = 0
configure:7395: result: yes
configure:7401: checking for XCB_UTIL_CURSOR
configure:7408: $PKG_CONFIG --exists --print-errors "xcb-cursor"
configure:7411: $? = 0
configure:7425: $PKG_CONFIG --exists --print-errors "xcb-cursor"
configure:7428: $? = 0
configure:7486: result: yes
configure:7492: checking for XCB_UTIL_KEYSYMS
configure:7499: $PKG_CONFIG --exists --print-errors "xcb-keysyms"
configure:7502: $? = 0
configure:7516: $PKG_CONFIG --exists --print-errors "xcb-keysyms"
configure:7519: $? = 0
configure:7577: result: yes
configure:7583: checking for XCB_UTIL_WM
configure:7590: $PKG_CONFIG --exists --print-errors "xcb-icccm"
configure:7593: $? = 0
configure:7607: $PKG_CONFIG --exists --print-errors "xcb-icccm"
configure:7610: $? = 0
configure:7668: result: yes
configure:7674: checking for XCB_UTIL_XRM
configure:7681: $PKG_CONFIG --exists --print-errors "xcb-xrm"
configure:7684: $? = 0
configure:7698: $PKG_CONFIG --exists --print-errors "xcb-xrm"
configure:7701: $? = 0
configure:7759: result: yes
configure:7765: checking for XKBCOMMON
configure:7772: $PKG_CONFIG --exists --print-errors "xkbcommon xkbcommon-x11"
configure:7775: $? = 0
configure:7789: $PKG_CONFIG --exists --print-errors "xkbcommon xkbcommon-x11"
configure:7792: $? = 0
configure:7850: result: yes
configure:7856: checking for YAJL
configure:7863: $PKG_CONFIG --exists --print-errors "yajl"
configure:7866: $? = 0
configure:7880: $PKG_CONFIG --exists --print-errors "yajl"
configure:7883: $? = 0
configure:7941: result: yes
configure:7947: checking for LIBPCRE
configure:7954: $PKG_CONFIG --exists --print-errors "libpcre >= 8.10"
configure:7957: $? = 0
configure:7971: $PKG_CONFIG --exists --print-errors "libpcre >= 8.10"
configure:7974: $? = 0
configure:8032: result: yes
configure:8038: checking for PANGOCAIRO
configure:8045: $PKG_CONFIG --exists --print-errors "cairo >= 1.14.4 pangocairo"
configure:8048: $? = 0
configure:8062: $PKG_CONFIG --exists --print-errors "cairo >= 1.14.4 pangocairo"
configure:8065: $? = 0
configure:8123: result: yes
configure:8133: checking for gawk
configure:8160: result: gawk
configure:8176: checking how to run the C preprocessor
configure:8246: result: gcc -E
configure:8266: gcc -E  conftest.c
configure:8266: $? = 0
configure:8280: gcc -E  conftest.c
conftest.c:67:28: fatal error: ac_nonexistent.h: No such file or directory
 #include <ac_nonexistent.h>
                            ^
compilation terminated.
configure:8280: $? = 1
configure: failed program was:
| /* confdefs.h */
| #define PACKAGE_NAME "i3"
| #define PACKAGE_TARNAME "i3"
| #define PACKAGE_VERSION "4.12"
| #define PACKAGE_STRING "i3 4.12"
| #define PACKAGE_BUGREPORT "https://github.com/i3/i3/issues"
| #define PACKAGE_URL ""
| #define PACKAGE "i3"
| #define VERSION "4.12"
| #define I3_VERSION "4.12-215-g413023d (2016-10-29, branch \"gaps-next\")"
| #define MAJOR_VERSION 4
| #define MINOR_VERSION 12
| #define PATCH_VERSION 0
| #define SYSCONFDIR "/etc"
| #define STDC_HEADERS 1
| #define HAVE_SYS_TYPES_H 1
| #define HAVE_SYS_STAT_H 1
| #define HAVE_STDLIB_H 1
| #define HAVE_STRING_H 1
| #define HAVE_MEMORY_H 1
| #define HAVE_STRINGS_H 1
| #define HAVE_INTTYPES_H 1
| #define HAVE_STDINT_H 1
| #define HAVE_UNISTD_H 1
| #define __EXTENSIONS__ 1
| #define _ALL_SOURCE 1
| #define _GNU_SOURCE 1
| #define _POSIX_PTHREAD_SEMANTICS 1
| #define _TANDEM_SOURCE 1
| #define HAVE__BOOL 1
| #define HAVE_MODE_T 1
| #define HAVE_OFF_T 1
| #define HAVE_PID_T 1
| #define HAVE_SIZE_T 1
| #define HAVE_SSIZE_T 1
| #define HAVE_FORK 1
| #define HAVE_VFORK 1
| #define HAVE_WORKING_VFORK 1
| #define HAVE_WORKING_FORK 1
| #define LSTAT_FOLLOWS_SLASHED_SYMLINK 1
| #define HAVE_ATEXIT 1
| #define HAVE_DUP2 1
| #define HAVE_FTRUNCATE 1
| #define HAVE_GETCWD 1
| #define HAVE_GETTIMEOFDAY 1
| #define HAVE_LOCALTIME_R 1
| #define HAVE_MEMCHR 1
| #define HAVE_MEMSET 1
| #define HAVE_MKDIR 1
| #define HAVE_RMDIR 1
| #define HAVE_SETLOCALE 1
| #define HAVE_SOCKET 1
| #define HAVE_STRCASECMP 1
| #define HAVE_STRCHR 1
| #define HAVE_STRDUP 1
| #define HAVE_STRERROR 1
| #define HAVE_STRNCASECMP 1
| #define HAVE_STRNDUP 1
| #define HAVE_STRRCHR 1
| #define HAVE_STRSPN 1
| #define HAVE_STRSTR 1
| #define HAVE_STRTOL 1
| #define HAVE_STRTOUL 1
| #define HAVE_PTHREAD_PRIO_INHERIT 1
| #define HAVE_PTHREAD 1
| /* end confdefs.h.  */
| #include <ac_nonexistent.h>
configure:8309: checking whether make sets $(MAKE)
configure:8331: result: yes
configure:8383: checking for ranlib
configure:8399: found /usr/bin/ranlib
configure:8410: result: ranlib
configure:8432: checking whether ln -s works
configure:8436: result: yes
configure:8446: checking for asciidoc
configure:8464: found /usr/bin/asciidoc
configure:8476: result: /usr/bin/asciidoc
configure:8486: checking for xmlto
configure:8504: found /usr/bin/xmlto
configure:8516: result: /usr/bin/xmlto
configure:8526: checking for pod2man
configure:8544: found /usr/bin/core_perl/pod2man
configure:8556: result: /usr/bin/core_perl/pod2man
configure:8631: checking for ar
configure:8647: found /usr/bin/ar
configure:8658: result: ar
configure:8684: checking the archiver (ar) interface
configure:8700: gcc -c  -g -O0  conftest.c >&5
configure:8700: $? = 0
configure:8702: ar cru libconftest.a conftest.o >&5
ar: `u' modifier ignored since `D' is the default (see `U')
configure:8705: $? = 0
configure:8733: result: ar
configure:8754: checking CFLAGS for maximum warnings
configure:8774: gcc -c  -g -O0 -warn all  -warn all  conftest.c >&5
gcc: error: all: No such file or directory
gcc: error: all: No such file or directory
gcc: error: unrecognized command line option '-warn'; did you mean '--warn-'?
gcc: error: unrecognized command line option '-warn'; did you mean '--warn-'?
configure:8774: $? = 1
configure: failed program was:
| /* confdefs.h */
| #define PACKAGE_NAME "i3"
| #define PACKAGE_TARNAME "i3"
| #define PACKAGE_VERSION "4.12"
| #define PACKAGE_STRING "i3 4.12"
| #define PACKAGE_BUGREPORT "https://github.com/i3/i3/issues"
| #define PACKAGE_URL ""
| #define PACKAGE "i3"
| #define VERSION "4.12"
| #define I3_VERSION "4.12-215-g413023d (2016-10-29, branch \"gaps-next\")"
| #define MAJOR_VERSION 4
| #define MINOR_VERSION 12
| #define PATCH_VERSION 0
| #define SYSCONFDIR "/etc"
| #define STDC_HEADERS 1
| #define HAVE_SYS_TYPES_H 1
| #define HAVE_SYS_STAT_H 1
| #define HAVE_STDLIB_H 1
| #define HAVE_STRING_H 1
| #define HAVE_MEMORY_H 1
| #define HAVE_STRINGS_H 1
| #define HAVE_INTTYPES_H 1
| #define HAVE_STDINT_H 1
| #define HAVE_UNISTD_H 1
| #define __EXTENSIONS__ 1
| #define _ALL_SOURCE 1
| #define _GNU_SOURCE 1
| #define _POSIX_PTHREAD_SEMANTICS 1
| #define _TANDEM_SOURCE 1
| #define HAVE__BOOL 1
| #define HAVE_MODE_T 1
| #define HAVE_OFF_T 1
| #define HAVE_PID_T 1
| #define HAVE_SIZE_T 1
| #define HAVE_SSIZE_T 1
| #define HAVE_FORK 1
| #define HAVE_VFORK 1
| #define HAVE_WORKING_VFORK 1
| #define HAVE_WORKING_FORK 1
| #define LSTAT_FOLLOWS_SLASHED_SYMLINK 1
| #define HAVE_ATEXIT 1
| #define HAVE_DUP2 1
| #define HAVE_FTRUNCATE 1
| #define HAVE_GETCWD 1
| #define HAVE_GETTIMEOFDAY 1
| #define HAVE_LOCALTIME_R 1
| #define HAVE_MEMCHR 1
| #define HAVE_MEMSET 1
| #define HAVE_MKDIR 1
| #define HAVE_RMDIR 1
| #define HAVE_SETLOCALE 1
| #define HAVE_SOCKET 1
| #define HAVE_STRCASECMP 1
| #define HAVE_STRCHR 1
| #define HAVE_STRDUP 1
| #define HAVE_STRERROR 1
| #define HAVE_STRNCASECMP 1
| #define HAVE_STRNDUP 1
| #define HAVE_STRRCHR 1
| #define HAVE_STRSPN 1
| #define HAVE_STRSTR 1
| #define HAVE_STRTOL 1
| #define HAVE_STRTOUL 1
| #define HAVE_PTHREAD_PRIO_INHERIT 1
| #define HAVE_PTHREAD 1
| /* end confdefs.h.  */
| 
| int
| main ()
| {
| 
|   ;
|   return 0;
| }
configure:8774: gcc -c  -g -O0 -pedantic  -Wall  conftest.c >&5
configure:8774: $? = 0
configure:8782: result: -Wall
configure:8802: : CFLAGS="$CFLAGS"
configure:8805: $? = 0
configure:8823: checking whether C compiler accepts -Wunused-value
configure:8842: gcc -c  -g -O0 -Wall  -Wunused-value  conftest.c >&5
configure:8842: $? = 0
configure:8850: result: yes
configure:8877: : AM_CFLAGS="$AM_CFLAGS"
configure:8880: $? = 0
configure:8895: checking fcntl.h usability
configure:8895: gcc -c  -g -O0 -Wall  conftest.c >&5
configure:8895: $? = 0
configure:8895: result: yes
configure:8895: checking fcntl.h presence
configure:8895: gcc -E  conftest.c
configure:8895: $? = 0
configure:8895: result: yes
configure:8895: checking for fcntl.h
configure:8895: result: yes
configure:8895: checking float.h usability
configure:8895: gcc -c  -g -O0 -Wall  conftest.c >&5
configure:8895: $? = 0
configure:8895: result: yes
configure:8895: checking float.h presence
configure:8895: gcc -E  conftest.c
configure:8895: $? = 0
configure:8895: result: yes
configure:8895: checking for float.h
configure:8895: result: yes
configure:8895: checking for inttypes.h
configure:8895: result: yes
configure:8895: checking limits.h usability
configure:8895: gcc -c  -g -O0 -Wall  conftest.c >&5
configure:8895: $? = 0
configure:8895: result: yes
configure:8895: checking limits.h presence
configure:8895: gcc -E  conftest.c
configure:8895: $? = 0
configure:8895: result: yes
configure:8895: checking for limits.h
configure:8895: result: yes
configure:8895: checking locale.h usability
configure:8895: gcc -c  -g -O0 -Wall  conftest.c >&5
configure:8895: $? = 0
configure:8895: result: yes
configure:8895: checking locale.h presence
configure:8895: gcc -E  conftest.c
configure:8895: $? = 0
configure:8895: result: yes
configure:8895: checking for locale.h
configure:8895: result: yes
configure:8895: checking netinet/in.h usability
configure:8895: gcc -c  -g -O0 -Wall  conftest.c >&5
configure:8895: $? = 0
configure:8895: result: yes
configure:8895: checking netinet/in.h presence
configure:8895: gcc -E  conftest.c
configure:8895: $? = 0
configure:8895: result: yes
configure:8895: checking for netinet/in.h
configure:8895: result: yes
configure:8895: checking paths.h usability
configure:8895: gcc -c  -g -O0 -Wall  conftest.c >&5
configure:8895: $? = 0
configure:8895: result: yes
configure:8895: checking paths.h presence
configure:8895: gcc -E  conftest.c
configure:8895: $? = 0
configure:8895: result: yes
configure:8895: checking for paths.h
configure:8895: result: yes
configure:8895: checking stddef.h usability
configure:8895: gcc -c  -g -O0 -Wall  conftest.c >&5
configure:8895: $? = 0
configure:8895: result: yes
configure:8895: checking stddef.h presence
configure:8895: gcc -E  conftest.c
configure:8895: $? = 0
configure:8895: result: yes
configure:8895: checking for stddef.h
configure:8895: result: yes
configure:8895: checking for stdint.h
configure:8895: result: yes
configure:8895: checking for stdlib.h
configure:8895: result: yes
configure:8895: checking for string.h
configure:8895: result: yes
configure:8895: checking sys/param.h usability
configure:8895: gcc -c  -g -O0 -Wall  conftest.c >&5
configure:8895: $? = 0
configure:8895: result: yes
configure:8895: checking sys/param.h presence
configure:8895: gcc -E  conftest.c
configure:8895: $? = 0
configure:8895: result: yes
configure:8895: checking for sys/param.h
configure:8895: result: yes
configure:8895: checking sys/socket.h usability
configure:8895: gcc -c  -g -O0 -Wall  conftest.c >&5
configure:8895: $? = 0
configure:8895: result: yes
configure:8895: checking sys/socket.h presence
configure:8895: gcc -E  conftest.c
configure:8895: $? = 0
configure:8895: result: yes
configure:8895: checking for sys/socket.h
configure:8895: result: yes
configure:8895: checking sys/time.h usability
configure:8895: gcc -c  -g -O0 -Wall  conftest.c >&5
configure:8895: $? = 0
configure:8895: result: yes
configure:8895: checking sys/time.h presence
configure:8895: gcc -E  conftest.c
configure:8895: $? = 0
configure:8895: result: yes
configure:8895: checking for sys/time.h
configure:8895: result: yes
configure:8895: checking for unistd.h
configure:8895: result: yes
configure:8962: checking whether C compiler accepts -fsanitize=address
configure:8981: gcc -c  -g -O0 -Wall  -fsanitize=address  conftest.c >&5
configure:8981: $? = 0
configure:8989: result: yes
configure:8993: checking whether the linker accepts -fsanitize=address
configure:9012: gcc -o conftest  -g -O0 -Wall    -fsanitize=address conftest.c -lrt -lev -lm  >&5
configure:9012: $? = 0
configure:9021: result: yes
configure:9038: : CFLAGS="$CFLAGS"
configure:9041: $? = 0
configure:9070: : LDFLAGS="$LDFLAGS"
configure:9073: $? = 0
configure:9091: checking whether C compiler accepts -fno-omit-frame-pointer
configure:9110: gcc -c  -g -O0 -Wall -fsanitize=address  -fno-omit-frame-pointer  conftest.c >&5
configure:9110: $? = 0
configure:9118: result: yes
configure:9135: : CFLAGS="$CFLAGS"
configure:9138: $? = 0
configure:9759: checking that generated files are newer than configure
configure:9765: result: done
configure:9804: creating ./config.status

## ---------------------- ##
## Running config.status. ##
## ---------------------- ##

This file was extended by i3 config.status 4.12, which was
generated by GNU Autoconf 2.69.  Invocation command line was

  CONFIG_FILES    = 
  CONFIG_HEADERS  = 
  CONFIG_LINKS    = 
  CONFIG_COMMANDS = 
  $ ./config.status 

on buerk

config.status:1121: creating Makefile
config.status:1121: creating testcases/lib/i3test.pm
config.status:1121: creating man/asciidoc.conf
config.status:1121: creating testcases/complete-run.pl
config.status:1121: creating config.h
config.status:1335: executing buildir commands
config.status:1348: skipping top_srcdir/Makefile - not created
config.status:1335: executing depfiles commands

## ---------------- ##
## Cache variables. ##
## ---------------- ##

_cv_gnu_make_command=make
ac_cv_build=x86_64-unknown-linux-gnu
ac_cv_c_compiler_gnu=yes
ac_cv_cflags_warn_all=-Wall
ac_cv_env_CC_set=
ac_cv_env_CC_value=
ac_cv_env_CFLAGS_set=
ac_cv_env_CFLAGS_value=
ac_cv_env_CPPFLAGS_set=
ac_cv_env_CPPFLAGS_value=
ac_cv_env_CPP_set=
ac_cv_env_CPP_value=
ac_cv_env_LDFLAGS_set=
ac_cv_env_LDFLAGS_value=
ac_cv_env_LIBPCRE_CFLAGS_set=
ac_cv_env_LIBPCRE_CFLAGS_value=
ac_cv_env_LIBPCRE_LIBS_set=
ac_cv_env_LIBPCRE_LIBS_value=
ac_cv_env_LIBSN_CFLAGS_set=
ac_cv_env_LIBSN_CFLAGS_value=
ac_cv_env_LIBSN_LIBS_set=
ac_cv_env_LIBSN_LIBS_value=
ac_cv_env_LIBS_set=
ac_cv_env_LIBS_value=
ac_cv_env_PANGOCAIRO_CFLAGS_set=
ac_cv_env_PANGOCAIRO_CFLAGS_value=
ac_cv_env_PANGOCAIRO_LIBS_set=
ac_cv_env_PANGOCAIRO_LIBS_value=
ac_cv_env_PKG_CONFIG_LIBDIR_set=
ac_cv_env_PKG_CONFIG_LIBDIR_value=
ac_cv_env_PKG_CONFIG_PATH_set=
ac_cv_env_PKG_CONFIG_PATH_value=
ac_cv_env_PKG_CONFIG_set=
ac_cv_env_PKG_CONFIG_value=
ac_cv_env_XCB_CFLAGS_set=
ac_cv_env_XCB_CFLAGS_value=
ac_cv_env_XCB_LIBS_set=
ac_cv_env_XCB_LIBS_value=
ac_cv_env_XCB_UTIL_CFLAGS_set=
ac_cv_env_XCB_UTIL_CFLAGS_value=
ac_cv_env_XCB_UTIL_CURSOR_CFLAGS_set=
ac_cv_env_XCB_UTIL_CURSOR_CFLAGS_value=
ac_cv_env_XCB_UTIL_CURSOR_LIBS_set=
ac_cv_env_XCB_UTIL_CURSOR_LIBS_value=
ac_cv_env_XCB_UTIL_KEYSYMS_CFLAGS_set=
ac_cv_env_XCB_UTIL_KEYSYMS_CFLAGS_value=
ac_cv_env_XCB_UTIL_KEYSYMS_LIBS_set=
ac_cv_env_XCB_UTIL_KEYSYMS_LIBS_value=
ac_cv_env_XCB_UTIL_LIBS_set=
ac_cv_env_XCB_UTIL_LIBS_value=
ac_cv_env_XCB_UTIL_WM_CFLAGS_set=
ac_cv_env_XCB_UTIL_WM_CFLAGS_value=
ac_cv_env_XCB_UTIL_WM_LIBS_set=
ac_cv_env_XCB_UTIL_WM_LIBS_value=
ac_cv_env_XCB_UTIL_XRM_CFLAGS_set=
ac_cv_env_XCB_UTIL_XRM_CFLAGS_value=
ac_cv_env_XCB_UTIL_XRM_LIBS_set=
ac_cv_env_XCB_UTIL_XRM_LIBS_value=
ac_cv_env_XKBCOMMON_CFLAGS_set=
ac_cv_env_XKBCOMMON_CFLAGS_value=
ac_cv_env_XKBCOMMON_LIBS_set=
ac_cv_env_XKBCOMMON_LIBS_value=
ac_cv_env_YAJL_CFLAGS_set=
ac_cv_env_YAJL_CFLAGS_value=
ac_cv_env_YAJL_LIBS_set=
ac_cv_env_YAJL_LIBS_value=
ac_cv_env_build_alias_set=
ac_cv_env_build_alias_value=
ac_cv_env_host_alias_set=
ac_cv_env_host_alias_value=
ac_cv_env_target_alias_set=
ac_cv_env_target_alias_value=
ac_cv_func_atexit=yes
ac_cv_func_dup2=yes
ac_cv_func_fork=yes
ac_cv_func_fork_works=yes
ac_cv_func_ftruncate=yes
ac_cv_func_getcwd=yes
ac_cv_func_gettimeofday=yes
ac_cv_func_localtime_r=yes
ac_cv_func_lstat_dereferences_slashed_symlink=yes
ac_cv_func_memchr=yes
ac_cv_func_memset=yes
ac_cv_func_mkdir=yes
ac_cv_func_rmdir=yes
ac_cv_func_setlocale=yes
ac_cv_func_socket=yes
ac_cv_func_strcasecmp=yes
ac_cv_func_strchr=yes
ac_cv_func_strdup=yes
ac_cv_func_strerror=yes
ac_cv_func_strncasecmp=yes
ac_cv_func_strndup=yes
ac_cv_func_strnlen_working=yes
ac_cv_func_strrchr=yes
ac_cv_func_strspn=yes
ac_cv_func_strstr=yes
ac_cv_func_strtol=yes
ac_cv_func_strtoul=yes
ac_cv_func_vfork=yes
ac_cv_func_vfork_works=yes
ac_cv_header_fcntl_h=yes
ac_cv_header_float_h=yes
ac_cv_header_inttypes_h=yes
ac_cv_header_limits_h=yes
ac_cv_header_locale_h=yes
ac_cv_header_memory_h=yes
ac_cv_header_minix_config_h=no
ac_cv_header_netinet_in_h=yes
ac_cv_header_paths_h=yes
ac_cv_header_stdbool_h=yes
ac_cv_header_stdc=yes
ac_cv_header_stddef_h=yes
ac_cv_header_stdint_h=yes
ac_cv_header_stdlib_h=yes
ac_cv_header_string_h=yes
ac_cv_header_strings_h=yes
ac_cv_header_sys_param_h=yes
ac_cv_header_sys_socket_h=yes
ac_cv_header_sys_stat_h=yes
ac_cv_header_sys_time_h=yes
ac_cv_header_sys_types_h=yes
ac_cv_header_unistd_h=yes
ac_cv_header_vfork_h=no
ac_cv_host=x86_64-unknown-linux-gnu
ac_cv_objext=o
ac_cv_path_EGREP='/usr/bin/grep -E'
ac_cv_path_GREP=/usr/bin/grep
ac_cv_path_PATH_ASCIIDOC=/usr/bin/asciidoc
ac_cv_path_PATH_POD2MAN=/usr/bin/core_perl/pod2man
ac_cv_path_PATH_XMLTO=/usr/bin/xmlto
ac_cv_path_SED=/usr/bin/sed
ac_cv_path_ac_pt_PKG_CONFIG=/usr/bin/pkg-config
ac_cv_path_ax_enable_builddir_sed=sed
ac_cv_path_install='/usr/bin/install -c'
ac_cv_path_mkdir=/usr/bin/mkdir
ac_cv_prog_AWK=gawk
ac_cv_prog_CPP='gcc -E'
ac_cv_prog_ac_ct_AR=ar
ac_cv_prog_ac_ct_CC=gcc
ac_cv_prog_ac_ct_RANLIB=ranlib
ac_cv_prog_cc_c89=
ac_cv_prog_cc_c99=
ac_cv_prog_cc_g=yes
ac_cv_prog_make_make_set=yes
ac_cv_safe_to_define___extensions__=yes
ac_cv_search_ev_run=-lev
ac_cv_search_floor=-lm
ac_cv_search_shm_open=-lrt
ac_cv_target=x86_64-unknown-linux-gnu
ac_cv_type__Bool=yes
ac_cv_type_mode_t=yes
ac_cv_type_off_t=yes
ac_cv_type_pid_t=yes
ac_cv_type_size_t=yes
ac_cv_type_ssize_t=yes
am_cv_CC_dependencies_compiler_type=gcc3
am_cv_ar_interface=ar
am_cv_make_support_nested_variables=yes
am_cv_prog_cc_c_o=yes
ax_cv_PTHREAD_CLANG=no
ax_cv_PTHREAD_JOINABLE_ATTR=PTHREAD_CREATE_JOINABLE
ax_cv_PTHREAD_PRIO_INHERIT=yes
ax_cv_PTHREAD_SPECIAL_FLAGS=no
ax_cv_check_cflags___Wunused_value=yes
ax_cv_check_cflags___fno_omit_frame_pointer=yes
ax_cv_check_cflags___fsanitize_address=yes
ax_cv_check_ldflags___fsanitize_address=yes
ax_cv_gnu_make_command=make
pkg_cv_LIBPCRE_CFLAGS=
pkg_cv_LIBPCRE_LIBS=-lpcre
pkg_cv_LIBSN_CFLAGS=-I/usr/include/startup-notification-1.0
pkg_cv_LIBSN_LIBS=-lstartup-notification-1
pkg_cv_PANGOCAIRO_CFLAGS='-I/usr/include/pango-1.0 -I/usr/include/cairo -I/usr/include/pixman-1 -I/usr/include/freetype2 -I/usr/include/libpng16 -I/usr/include/harfbuzz -I/usr/include/glib-2.0 -I/usr/lib/glib-2.0/include -I/usr/include/freetype2 -I/usr/include/harfbuzz -I/usr/include/glib-2.0 -I/usr/lib/glib-2.0/include -I/usr/include/libdrm -I/usr/include/libpng16'
pkg_cv_PANGOCAIRO_LIBS='-lpangocairo-1.0 -lpango-1.0 -lgobject-2.0 -lglib-2.0 -lcairo'
pkg_cv_XCB_CFLAGS=
pkg_cv_XCB_LIBS='-lxcb -lxcb-xkb -lxcb-xinerama -lxcb-randr'
pkg_cv_XCB_UTIL_CFLAGS=
pkg_cv_XCB_UTIL_CURSOR_CFLAGS=
pkg_cv_XCB_UTIL_CURSOR_LIBS='-lxcb-cursor -lxcb'
pkg_cv_XCB_UTIL_KEYSYMS_CFLAGS=
pkg_cv_XCB_UTIL_KEYSYMS_LIBS='-lxcb-keysyms -lxcb'
pkg_cv_XCB_UTIL_LIBS='-lxcb-util -lxcb'
pkg_cv_XCB_UTIL_WM_CFLAGS=
pkg_cv_XCB_UTIL_WM_LIBS='-lxcb-icccm -lxcb'
pkg_cv_XCB_UTIL_XRM_CFLAGS=
pkg_cv_XCB_UTIL_XRM_LIBS='-lxcb-xrm -lxcb'
pkg_cv_XKBCOMMON_CFLAGS=
pkg_cv_XKBCOMMON_LIBS='-lxkbcommon-x11 -lxkbcommon'
pkg_cv_YAJL_CFLAGS=-I/usr/include/yajl
pkg_cv_YAJL_LIBS=-lyajl

## ----------------- ##
## Output variables. ##
## ----------------- ##











	$(AM_V_at)$(MAKE) $(AM_MAKEFLAGS) code-coverage-capture
	$(code_coverage_v_genhtml)LANG=C $(GENHTML) $(code_coverage_quiet) $(addprefix --prefix ,$(CODE_COVERAGE_DIRECTORY)) --output-directory "$(CODE_COVERAGE_OUTPUT_DIRECTORY)" --title "$(PACKAGE_NAME)-$(PACKAGE_VERSION) Code Coverage" --legend --show-details "$(CODE_COVERAGE_OUTPUT_FILE)" $(CODE_COVERAGE_GENHTML_OPTIONS)
	$(code_coverage_v_lcov_cap)$(LCOV) $(code_coverage_quiet) $(addprefix --directory ,$(CODE_COVERAGE_DIRECTORY)) --capture --output-file "$(CODE_COVERAGE_OUTPUT_FILE).tmp" --test-name "$(call code_coverage_sanitize,$(PACKAGE_NAME)-$(PACKAGE_VERSION))" --no-checksum --compat-libtool $(CODE_COVERAGE_LCOV_SHOPTS) $(CODE_COVERAGE_LCOV_OPTIONS)
	$(code_coverage_v_lcov_ign)$(LCOV) $(code_coverage_quiet) $(addprefix --directory ,$(CODE_COVERAGE_DIRECTORY)) --remove "$(CODE_COVERAGE_OUTPUT_FILE).tmp" "/tmp/*" $(CODE_COVERAGE_IGNORE_PATTERN) --output-file "$(CODE_COVERAGE_OUTPUT_FILE)" $(CODE_COVERAGE_LCOV_SHOPTS) $(CODE_COVERAGE_LCOV_RMOPTS)
	-$(AM_V_at)$(MAKE) $(AM_MAKEFLAGS) -k check
	-$(LCOV) --directory $(top_builddir) -z
	-@rm -f $(CODE_COVERAGE_OUTPUT_FILE).tmp
	-find . -name "*.gcda" -o -name "*.gcov" -delete
	-rm -rf $(CODE_COVERAGE_OUTPUT_FILE) $(CODE_COVERAGE_OUTPUT_FILE).tmp $(CODE_COVERAGE_OUTPUT_DIRECTORY)
	@echo "Need to reconfigure with --enable-code-coverage"
	@echo "Need to reconfigure with --enable-code-coverage"
	@echo "file://$(abs_builddir)/$(CODE_COVERAGE_OUTPUT_DIRECTORY)/index.html"
 $(CODE_COVERAGE_IGNORE_PATTERN);
 $(CODE_COVERAGE_OUTPUT_FILE);
#
#
#    $(PACKAGE_NAME)-$(PACKAGE_VERSION)-coverage)
#    $(PACKAGE_NAME)-$(PACKAGE_VERSION)-coverage.info)
#    (Default: $(top_builddir))
#    (Default: empty)
#    Multiple directories may be specified, separated by whitespace.
#    by lcov for code coverage. (Default:
#    collecting lcov instance. (Default: $CODE_COVERAGE_LCOV_OPTIONS_GCOVPATH)
#    genhtml instance. (Default: based on $CODE_COVERAGE_BRANCH_COVERAGE)
#    instance. (Default: $CODE_COVERAGE_GENHTML_OPTIONS_DEFAULT)
#    instance. (Default: $CODE_COVERAGE_LCOV_OPTIONS_DEFAULT)
#    instance. (Default: $CODE_COVERAGE_LCOV_RMOPTS_DEFAULT)
#    instances. (Default: $CODE_COVERAGE_LCOV_SHOPTS_DEFAULT)
#    instances. (Default: based on $CODE_COVERAGE_BRANCH_COVERAGE)
#    lcov instance. (Default: empty)
#    reports to be created. (Default:
#    set to 0 to disable it and leave empty to stay with the default.
#  - CODE_COVERAGE_BRANCH_COVERAGE: Set to 1 to enforce branch coverage,
#  - CODE_COVERAGE_DIRECTORY: Top-level directory for code coverage reporting.
#  - CODE_COVERAGE_GENHTML_OPTIONS: Extra options to pass to the genhtml
#  - CODE_COVERAGE_GENHTML_OPTIONS_DEFAULT: Extra options to pass to the
#  - CODE_COVERAGE_IGNORE_PATTERN: Extra glob pattern of files to ignore
#  - CODE_COVERAGE_LCOV_OPTIONS: Extra options to pass to the collecting lcov
#  - CODE_COVERAGE_LCOV_OPTIONS_DEFAULT: Extra options to pass to the
#  - CODE_COVERAGE_LCOV_OPTIONS_GCOVPATH: --gcov-tool pathtogcov
#  - CODE_COVERAGE_LCOV_RMOPTS: Extra options to pass to the filtering lcov
#  - CODE_COVERAGE_LCOV_RMOPTS_DEFAULT: Extra options to pass to the filtering
#  - CODE_COVERAGE_LCOV_SHOPTS: Extra options to shared between both lcov
#  - CODE_COVERAGE_LCOV_SHOPTS_DEFAULT: Extra options shared between both lcov
#  - CODE_COVERAGE_OUTPUT_DIRECTORY: Directory for generated code coverage
#  - CODE_COVERAGE_OUTPUT_FILE: Filename and path for the .info file generated
# $(PACKAGE_VERSION). In order to add the current git hash to the title,
# Capture code coverage data
# Code coverage
# Hook rule executed before code-coverage-capture, overridable by the user
# Optional variables
# Optional:
# The generated report will be titled using the $(PACKAGE_NAME) and
# Use recursive makes in order to ignore errors during check
# sanitizes the test-name: replaces with underscores: dashes and dots
# use the git-version-gen script, available online.
$(if $(CODE_COVERAGE_BRANCH_COVERAGE),\
'
--rc genhtml_branch_coverage=$(CODE_COVERAGE_BRANCH_COVERAGE))
--rc lcov_branch_coverage=$(CODE_COVERAGE_BRANCH_COVERAGE))
.PHONY: check-code-coverage code-coverage-capture code-coverage-capture-hook code-coverage-clean
ACLOCAL='${SHELL} /home/ingo/repos/i3/missing aclocal-1.15'
AMDEPBACKSLASH='\'
AMDEP_FALSE='#'
AMDEP_TRUE=''
AMTAR='$${TAR-tar}'
AM_BACKSLASH='\'
AM_CFLAGS='-Wunused-value'
AM_DEFAULT_V='$(AM_DEFAULT_VERBOSITY)'
AM_DEFAULT_VERBOSITY='0'
AM_DISTCHECK_CONFIGURE_FLAGS += --disable-code-coverage
AM_DISTCHECK_CONFIGURE_FLAGS ?=
AM_V='$(V)'
AR='ar'
AUTOCONF='${SHELL} /home/ingo/repos/i3/missing autoconf'
AUTOHEADER='${SHELL} /home/ingo/repos/i3/missing autoheader'
AUTOMAKE='${SHELL} /home/ingo/repos/i3/missing automake-1.15'
AWK='gawk'
AX_EXTEND_SRCDIR_CPPFLAGS='-DSTRIPPED__FILE__=\"$$(basename $<)\"'
BUILD_DOCS_FALSE='#'
BUILD_DOCS_TRUE=''
BUILD_MANS_FALSE='#'
BUILD_MANS_TRUE=''
CC='gcc'
CCDEPMODE='depmode=gcc3'
CFLAGS=' -g -O0 -Wall -fsanitize=address -fno-omit-frame-pointer'
CODE_COVERAGE_BRANCH_COVERAGE ?=
CODE_COVERAGE_CFLAGS=''
CODE_COVERAGE_CPPFLAGS=''
CODE_COVERAGE_CXXFLAGS=''
CODE_COVERAGE_DIRECTORY ?= $(top_builddir)
CODE_COVERAGE_ENABLED='no'
CODE_COVERAGE_ENABLED_FALSE=''
CODE_COVERAGE_ENABLED_TRUE='#'
CODE_COVERAGE_GENHTML_OPTIONS ?= $(CODE_COVERAGE_GENHTML_OPTIONS_DEFAULTS)
CODE_COVERAGE_GENHTML_OPTIONS_DEFAULT ?=\
CODE_COVERAGE_IGNORE_PATTERN ?=
CODE_COVERAGE_LCOV_OPTIONS ?= $(CODE_COVERAGE_LCOV_OPTIONS_DEFAULT)
CODE_COVERAGE_LCOV_OPTIONS_DEFAULT ?= $(CODE_COVERAGE_LCOV_OPTIONS_GCOVPATH)
CODE_COVERAGE_LCOV_OPTIONS_GCOVPATH ?= --gcov-tool "$(GCOV)"
CODE_COVERAGE_LCOV_RMOPTS ?= $(CODE_COVERAGE_LCOV_RMOPTS_DEFAULT)
CODE_COVERAGE_LCOV_RMOPTS_DEFAULT ?=
CODE_COVERAGE_LCOV_SHOPTS ?= $(CODE_COVERAGE_LCOV_SHOPTS_DEFAULT)
CODE_COVERAGE_LCOV_SHOPTS_DEFAULT ?= $(if $(CODE_COVERAGE_BRANCH_COVERAGE),\
CODE_COVERAGE_LDFLAGS=''
CODE_COVERAGE_OUTPUT_DIRECTORY ?= $(PACKAGE_NAME)-$(PACKAGE_VERSION)-coverage
CODE_COVERAGE_OUTPUT_FILE ?= $(PACKAGE_NAME)-$(PACKAGE_VERSION)-coverage.info
CODE_COVERAGE_RULES='
CPP='gcc -E'
CPPFLAGS=''
CYGPATH_W='echo'
DEFS='-DHAVE_CONFIG_H'
DEPDIR='.deps'
ECHO_C=''
ECHO_N='-n'
ECHO_T=''
EGREP='/usr/bin/grep -E'
EXEEXT=''
GCOV=''
GENHTML=''
GITIGNOREFILES += $(CODE_COVERAGE_OUTPUT_FILE) $(CODE_COVERAGE_OUTPUT_DIRECTORY)
GITIGNOREFILES ?=
GREP='/usr/bin/grep'
I3_VERSION='4.12-215-g413023d (2016-10-29, branch \"gaps-next\")'
INSTALL_DATA='${INSTALL} -m 644'
INSTALL_PROGRAM='${INSTALL}'
INSTALL_SCRIPT='${INSTALL}'
INSTALL_STRIP_PROGRAM='$(install_sh) -c -s'
LCOV=''
LDFLAGS=' -fsanitize=address'
LIBOBJS=''
LIBPCRE_CFLAGS=''
LIBPCRE_LIBS='-lpcre'
LIBS='-lrt -lev -lm '
LIBSN_CFLAGS='-I/usr/include/startup-notification-1.0'
LIBSN_LIBS='-lstartup-notification-1'
LN_S='ln -s'
LTLIBOBJS=''
MAINT=''
MAINTAINER_MODE_FALSE='#'
MAINTAINER_MODE_TRUE=''
MAKEINFO='${SHELL} /home/ingo/repos/i3/missing makeinfo'
MKDIR_P='/usr/bin/mkdir -p'
OBJEXT='o'
PACKAGE='i3'
PACKAGE_BUGREPORT='https://github.com/i3/i3/issues'
PACKAGE_NAME='i3'
PACKAGE_STRING='i3 4.12'
PACKAGE_TARNAME='i3'
PACKAGE_URL=''
PACKAGE_VERSION='4.12'
PANGOCAIRO_CFLAGS='-I/usr/include/pango-1.0 -I/usr/include/cairo -I/usr/include/pixman-1 -I/usr/include/freetype2 -I/usr/include/libpng16 -I/usr/include/harfbuzz -I/usr/include/glib-2.0 -I/usr/lib/glib-2.0/include -I/usr/include/freetype2 -I/usr/include/harfbuzz -I/usr/include/glib-2.0 -I/usr/lib/glib-2.0/include -I/usr/include/libdrm -I/usr/include/libpng16'
PANGOCAIRO_LIBS='-lpangocairo-1.0 -lpango-1.0 -lgobject-2.0 -lglib-2.0 -lcairo'
PATH_ASCIIDOC='/usr/bin/asciidoc'
PATH_POD2MAN='/usr/bin/core_perl/pod2man'
PATH_SEPARATOR=':'
PATH_XMLTO='/usr/bin/xmlto'
PKG_CONFIG='/usr/bin/pkg-config'
PKG_CONFIG_LIBDIR=''
PKG_CONFIG_PATH=''
PTHREAD_CC='gcc'
PTHREAD_CFLAGS='-pthread'
PTHREAD_LIBS=''
RANLIB='ranlib'
SED='/usr/bin/sed'
SET_MAKE=''
SHELL='/bin/sh'
STRIP=''
VERSION='4.12'
XCB_CFLAGS=''
XCB_LIBS='-lxcb -lxcb-xkb -lxcb-xinerama -lxcb-randr'
XCB_UTIL_CFLAGS=''
XCB_UTIL_CURSOR_CFLAGS=''
XCB_UTIL_CURSOR_LIBS='-lxcb-cursor -lxcb'
XCB_UTIL_KEYSYMS_CFLAGS=''
XCB_UTIL_KEYSYMS_LIBS='-lxcb-keysyms -lxcb'
XCB_UTIL_LIBS='-lxcb-util -lxcb'
XCB_UTIL_WM_CFLAGS=''
XCB_UTIL_WM_LIBS='-lxcb-icccm -lxcb'
XCB_UTIL_XRM_CFLAGS=''
XCB_UTIL_XRM_LIBS='-lxcb-xrm -lxcb'
XKBCOMMON_CFLAGS=''
XKBCOMMON_LIBS='-lxkbcommon-x11 -lxkbcommon'
YAJL_CFLAGS='-I/usr/include/yajl'
YAJL_LIBS='-lyajl'
ac_ct_AR='ar'
ac_ct_CC='gcc'
am__EXEEXT_FALSE=''
am__EXEEXT_TRUE='#'
am__fastdepCC_FALSE='#'
am__fastdepCC_TRUE=''
am__include='include'
am__isrc=' -I$(srcdir)'
am__leading_dot='.'
am__nodep='_no'
am__quote=''
am__tar='$${TAR-tar} chof - "$$tardir"'
am__untar='$${TAR-tar} xf -'
ax_enable_builddir_sed='sed'
ax_pthread_config=''
bindir='${exec_prefix}/bin'
build='x86_64-unknown-linux-gnu'
build_alias=''
build_cpu='x86_64'
build_os='linux-gnu'
build_vendor='unknown'
check-code-coverage:
clean: code-coverage-clean
code-coverage-capture-hook:
code-coverage-capture: code-coverage-capture-hook
code-coverage-clean:
code_coverage_quiet = $(code_coverage_quiet_$(V))
code_coverage_quiet_ = $(code_coverage_quiet_$(AM_DEFAULT_VERBOSITY))
code_coverage_quiet_0 = --quiet
code_coverage_sanitize = $(subst -,_,$(subst .,_,$(1)))
code_coverage_v_genhtml = $(code_coverage_v_genhtml_$(V))
code_coverage_v_genhtml_ = $(code_coverage_v_genhtml_$(AM_DEFAULT_VERBOSITY))
code_coverage_v_genhtml_0 = @echo "  GEN   " $(CODE_COVERAGE_OUTPUT_DIRECTORY);
code_coverage_v_lcov_cap = $(code_coverage_v_lcov_cap_$(V))
code_coverage_v_lcov_cap_ = $(code_coverage_v_lcov_cap_$(AM_DEFAULT_VERBOSITY))
code_coverage_v_lcov_cap_0 = @echo "  LCOV   --capture"\
code_coverage_v_lcov_ign = $(code_coverage_v_lcov_ign_$(V))
code_coverage_v_lcov_ign_ = $(code_coverage_v_lcov_ign_$(AM_DEFAULT_VERBOSITY))
code_coverage_v_lcov_ign_0 = @echo "  LCOV   --remove /tmp/*"\
datadir='${datarootdir}'
datarootdir='${prefix}/share'
docdir='${datarootdir}/doc/${PACKAGE_TARNAME}'
dvidir='${docdir}'
else
else
endif
endif
endif
exec_prefix='${prefix}'
host='x86_64-unknown-linux-gnu'
host_alias=''
host_cpu='x86_64'
host_os='linux-gnu'
host_vendor='unknown'
htmldir='${docdir}'
ifGNUmake=''
ifeq ($(CODE_COVERAGE_ENABLED),yes)
ifeq ($(CODE_COVERAGE_ENABLED),yes)
ifeq ($(CODE_COVERAGE_ENABLED),yes)
includedir='${prefix}/include'
infodir='${datarootdir}/info'
install_sh='${SHELL} /home/ingo/repos/i3/install-sh'
libdir='${exec_prefix}/lib'
libexecdir='${exec_prefix}/libexec'
localedir='${datarootdir}/locale'
localstatedir='${prefix}/var'
mandir='${datarootdir}/man'
mkdir_p='$(MKDIR_P)'
oldincludedir='/usr/include'
pdfdir='${docdir}'
prefix='/usr'
program_transform_name='s,x,x,'
psdir='${docdir}'
sbindir='${exec_prefix}/sbin'
sharedstatedir='${prefix}/com'
sysconfdir='/etc'
target='x86_64-unknown-linux-gnu'
target_alias=''
target_cpu='x86_64'
target_os='linux-gnu'
target_vendor='unknown'

## ----------- ##
## confdefs.h. ##
## ----------- ##

/* confdefs.h */
#define PACKAGE_NAME "i3"
#define PACKAGE_TARNAME "i3"
#define PACKAGE_VERSION "4.12"
#define PACKAGE_STRING "i3 4.12"
#define PACKAGE_BUGREPORT "https://github.com/i3/i3/issues"
#define PACKAGE_URL ""
#define PACKAGE "i3"
#define VERSION "4.12"
#define I3_VERSION "4.12-215-g413023d (2016-10-29, branch \"gaps-next\")"
#define MAJOR_VERSION 4
#define MINOR_VERSION 12
#define PATCH_VERSION 0
#define SYSCONFDIR "/etc"
#define STDC_HEADERS 1
#define HAVE_SYS_TYPES_H 1
#define HAVE_SYS_STAT_H 1
#define HAVE_STDLIB_H 1
#define HAVE_STRING_H 1
#define HAVE_MEMORY_H 1
#define HAVE_STRINGS_H 1
#define HAVE_INTTYPES_H 1
#define HAVE_STDINT_H 1
#define HAVE_UNISTD_H 1
#define __EXTENSIONS__ 1
#define _ALL_SOURCE 1
#define _GNU_SOURCE 1
#define _POSIX_PTHREAD_SEMANTICS 1
#define _TANDEM_SOURCE 1
#define HAVE__BOOL 1
#define HAVE_MODE_T 1
#define HAVE_OFF_T 1
#define HAVE_PID_T 1
#define HAVE_SIZE_T 1
#define HAVE_SSIZE_T 1
#define HAVE_FORK 1
#define HAVE_VFORK 1
#define HAVE_WORKING_VFORK 1
#define HAVE_WORKING_FORK 1
#define LSTAT_FOLLOWS_SLASHED_SYMLINK 1
#define HAVE_ATEXIT 1
#define HAVE_DUP2 1
#define HAVE_FTRUNCATE 1
#define HAVE_GETCWD 1
#define HAVE_GETTIMEOFDAY 1
#define HAVE_LOCALTIME_R 1
#define HAVE_MEMCHR 1
#define HAVE_MEMSET 1
#define HAVE_MKDIR 1
#define HAVE_RMDIR 1
#define HAVE_SETLOCALE 1
#define HAVE_SOCKET 1
#define HAVE_STRCASECMP 1
#define HAVE_STRCHR 1
#define HAVE_STRDUP 1
#define HAVE_STRERROR 1
#define HAVE_STRNCASECMP 1
#define HAVE_STRNDUP 1
#define HAVE_STRRCHR 1
#define HAVE_STRSPN 1
#define HAVE_STRSTR 1
#define HAVE_STRTOL 1
#define HAVE_STRTOUL 1
#define HAVE_PTHREAD_PRIO_INHERIT 1
#define HAVE_PTHREAD 1
#define HAVE_FCNTL_H 1
#define HAVE_FLOAT_H 1
#define HAVE_INTTYPES_H 1
#define HAVE_LIMITS_H 1
#define HAVE_LOCALE_H 1
#define HAVE_NETINET_IN_H 1
#define HAVE_PATHS_H 1
#define HAVE_STDDEF_H 1
#define HAVE_STDINT_H 1
#define HAVE_STDLIB_H 1
#define HAVE_STRING_H 1
#define HAVE_SYS_PARAM_H 1
#define HAVE_SYS_SOCKET_H 1
#define HAVE_SYS_TIME_H 1
#define HAVE_UNISTD_H 1
#define I3_ASAN_ENABLED /**/

configure: exit 0

## ---------------------- ##
## Running config.status. ##
## ---------------------- ##

This file was extended by i3 config.status 4.12, which was
generated by GNU Autoconf 2.69.  Invocation command line was

  CONFIG_FILES    = 
  CONFIG_HEADERS  = 
  CONFIG_LINKS    = 
  CONFIG_COMMANDS = 
  $ ./config.status config.h

on buerk

config.status:1121: creating config.h
config.status:1287: config.h is unchanged
